2020-09-13 20:22:03.302 [main] INFO  org.pcap4j.core.NativeMappings - Pcap4J successfully loaded a native pcap library: WinPcap version 4.1.3 (packet.dll version 4.1.0.2980), based on libpcap version 1.0 branch 1_0_rel0b (20091008)
2020-09-13 20:22:04.268 [main] INFO  org.pcap4j.util.PropertiesLoader - [org/pcap4j/pcap4j.properties] Could not get value by org.pcap4j.af.inet, use default value: 2
2020-09-13 20:22:04.269 [main] INFO  org.pcap4j.util.PropertiesLoader - [org/pcap4j/pcap4j.properties] Could not get value by org.pcap4j.af.inet6, use default value: 23
2020-09-13 20:22:04.269 [main] INFO  org.pcap4j.util.PropertiesLoader - [org/pcap4j/pcap4j.properties] Could not get value by org.pcap4j.af.packet, use default value: 17
2020-09-13 20:22:04.269 [main] INFO  org.pcap4j.util.PropertiesLoader - [org/pcap4j/pcap4j.properties] Could not get value by org.pcap4j.af.link, use default value: 18
2020-09-13 20:22:04.288 [main] INFO  org.pcap4j.core.Pcaps - 11 NIF(s) found.
2020-09-13 20:22:09.877 [main] INFO  org.pcap4j.util.PropertiesLoader - [org/pcap4j/pcap4j.properties] Could not get value by org.pcap4j.dlt.raw, use default value: 12
2020-09-13 20:22:09.880 [Thread-0] INFO  async.RetroTaskEventConsumer - Waiting for a task
2020-09-13 20:22:09.883 [main] INFO  org.pcap4j.core.PcapHandle - Starting loop.
2020-09-13 20:22:09.937 [main] INFO  org.pcap4j.packet.factory.PacketFactories - A PacketFactoryBinderProvider implementation is found. ClassLoader: jdk.internal.loader.ClassLoaders$AppClassLoader@2626b418, URL: file:/C:/Users/Pepito/.m2/repository/org/pcap4j/pcap4j-packetfactory-static/1.8.2/pcap4j-packetfactory-static-1.8.2.jar
2020-09-13 20:22:09.992 [main] INFO  org.pcap4j.packet.factory.PacketFactories - Succeeded in PacketFactoryBinderProvider.getBinder()
2020-09-13 20:22:17.573 [main] INFO  service.MapService - Start
2020-09-13 20:22:18.228 [main] INFO  service.MapService - Starting init
2020-09-13 20:22:18.493 [main] INFO  service.MapService - Init done
2020-09-13 20:22:18.496 [main] INFO  processor.MapProcessor - New map : Coordonnées : 7, -24
2020-09-13 20:22:21.712 [main] INFO  async.RetroTaskQueue - Adding task 161 : RecolterTaskEvent(retroBotTask=RECOLTER, characterState=CharacterState(gathering=false, fighting=false, moving=false, playerId=0, currentGatheringTarget=null), recolteService=service.RecolteService@523424b5, ressourceCell=RetroDofusCell(abscisse=3, ordonnee=11))
2020-09-13 20:22:21.713 [main] INFO  async.RetroTaskQueue - Adding task 146 : RecolterTaskEvent(retroBotTask=RECOLTER, characterState=CharacterState(gathering=false, fighting=false, moving=false, playerId=0, currentGatheringTarget=null), recolteService=service.RecolteService@523424b5, ressourceCell=RetroDofusCell(abscisse=2, ordonnee=10))
2020-09-13 20:22:21.713 [Thread-0] INFO  async.RetroTaskEventConsumer - Processing task 161 : RecolterTaskEvent(retroBotTask=RECOLTER, characterState=CharacterState(gathering=false, fighting=false, moving=false, playerId=0, currentGatheringTarget=null), recolteService=service.RecolteService@523424b5, ressourceCell=RetroDofusCell(abscisse=3, ordonnee=11))
2020-09-13 20:22:21.713 [main] INFO  async.RetroTaskQueue - Adding task 162 : RecolterTaskEvent(retroBotTask=RECOLTER, characterState=CharacterState(gathering=false, fighting=false, moving=false, playerId=0, currentGatheringTarget=null), recolteService=service.RecolteService@523424b5, ressourceCell=RetroDofusCell(abscisse=5, ordonnee=11))
2020-09-13 20:22:21.713 [main] INFO  async.RetroTaskQueue - Adding task 132 : RecolterTaskEvent(retroBotTask=RECOLTER, characterState=CharacterState(gathering=false, fighting=false, moving=false, playerId=0, currentGatheringTarget=null), recolteService=service.RecolteService@523424b5, ressourceCell=RetroDofusCell(abscisse=3, ordonnee=9))
2020-09-13 20:22:21.713 [main] INFO  async.RetroTaskQueue - Adding task 133 : RecolterTaskEvent(retroBotTask=RECOLTER, characterState=CharacterState(gathering=false, fighting=false, moving=false, playerId=0, currentGatheringTarget=null), recolteService=service.RecolteService@523424b5, ressourceCell=RetroDofusCell(abscisse=5, ordonnee=9))
2020-09-13 20:22:21.713 [main] INFO  async.RetroTaskQueue - Adding task 118 : RecolterTaskEvent(retroBotTask=RECOLTER, characterState=CharacterState(gathering=false, fighting=false, moving=false, playerId=0, currentGatheringTarget=null), recolteService=service.RecolteService@523424b5, ressourceCell=RetroDofusCell(abscisse=4, ordonnee=8))
2020-09-13 20:22:21.714 [main] INFO  async.RetroTaskQueue - Adding task 104 : RecolterTaskEvent(retroBotTask=RECOLTER, characterState=CharacterState(gathering=false, fighting=false, moving=false, playerId=0, currentGatheringTarget=null), recolteService=service.RecolteService@523424b5, ressourceCell=RetroDofusCell(abscisse=5, ordonnee=7))
2020-09-13 20:22:21.913 [Thread-0] INFO  service.RecolteService - Recolte de la ressource 161
2020-09-13 20:22:23.546 [main] INFO  state.MapState - Ressource indisponible : 161
2020-09-13 20:22:23.547 [main] INFO  state.MapState - Ressource disponible : 146
2020-09-13 20:22:23.547 [main] INFO  state.MapState - Ressource disponible : 162
2020-09-13 20:22:23.547 [main] INFO  state.MapState - Ressource disponible : 132
2020-09-13 20:22:23.547 [main] INFO  state.MapState - Ressource disponible : 133
2020-09-13 20:22:23.547 [main] INFO  state.MapState - Ressource disponible : 118
2020-09-13 20:22:23.548 [main] INFO  state.MapState - Ressource disponible : 104
2020-09-13 20:22:23.548 [main] INFO  async.RetroTaskQueue - Removing task 161 : RecolterTaskEvent(retroBotTask=RECOLTER, characterState=CharacterState(gathering=false, fighting=false, moving=false, playerId=0, currentGatheringTarget=RetroDofusCell(abscisse=3, ordonnee=11)), recolteService=service.RecolteService@523424b5, ressourceCell=RetroDofusCell(abscisse=3, ordonnee=11))
2020-09-13 20:22:31.578 [main] INFO  processor.GatheringFinishedProcessor - Gathered qty : 10
2020-09-13 20:22:31.734 [Thread-0] INFO  async.RetroTaskEventConsumer - Waiting for a task
2020-09-13 20:22:31.734 [Thread-0] INFO  async.RetroTaskEventConsumer - Processing task 146 : RecolterTaskEvent(retroBotTask=RECOLTER, characterState=CharacterState(gathering=false, fighting=false, moving=false, playerId=0, currentGatheringTarget=null), recolteService=service.RecolteService@523424b5, ressourceCell=RetroDofusCell(abscisse=2, ordonnee=10))
2020-09-13 20:22:31.935 [Thread-0] INFO  service.RecolteService - Recolte de la ressource 146
2020-09-13 20:22:33.052 [main] INFO  state.MapState - Ressource indisponible : 146
2020-09-13 20:22:33.052 [main] INFO  state.MapState - Ressource disponible : 162
2020-09-13 20:22:33.052 [main] INFO  state.MapState - Ressource disponible : 132
2020-09-13 20:22:33.052 [main] INFO  state.MapState - Ressource disponible : 133
2020-09-13 20:22:33.052 [main] INFO  state.MapState - Ressource disponible : 118
2020-09-13 20:22:33.052 [main] INFO  state.MapState - Ressource disponible : 104
2020-09-13 20:22:33.052 [main] INFO  async.RetroTaskQueue - Removing task 146 : RecolterTaskEvent(retroBotTask=RECOLTER, characterState=CharacterState(gathering=false, fighting=false, moving=false, playerId=0, currentGatheringTarget=RetroDofusCell(abscisse=2, ordonnee=10)), recolteService=service.RecolteService@523424b5, ressourceCell=RetroDofusCell(abscisse=2, ordonnee=10))
2020-09-13 20:22:41.080 [main] INFO  processor.GatheringFinishedProcessor - Gathered qty : 6
2020-09-13 20:22:41.155 [Thread-0] INFO  async.RetroTaskEventConsumer - Waiting for a task
2020-09-13 20:22:41.155 [Thread-0] INFO  async.RetroTaskEventConsumer - Processing task 162 : RecolterTaskEvent(retroBotTask=RECOLTER, characterState=CharacterState(gathering=false, fighting=false, moving=false, playerId=0, currentGatheringTarget=null), recolteService=service.RecolteService@523424b5, ressourceCell=RetroDofusCell(abscisse=5, ordonnee=11))
2020-09-13 20:22:41.355 [Thread-0] INFO  service.RecolteService - Recolte de la ressource 162
2020-09-13 20:22:42.961 [main] INFO  state.MapState - Ressource indisponible : 162
2020-09-13 20:22:42.961 [main] INFO  state.MapState - Ressource disponible : 132
2020-09-13 20:22:42.961 [main] INFO  state.MapState - Ressource disponible : 133
2020-09-13 20:22:42.961 [main] INFO  state.MapState - Ressource disponible : 118
2020-09-13 20:22:42.962 [main] INFO  state.MapState - Ressource disponible : 104
2020-09-13 20:22:42.962 [main] INFO  async.RetroTaskQueue - Removing task 162 : RecolterTaskEvent(retroBotTask=RECOLTER, characterState=CharacterState(gathering=false, fighting=false, moving=false, playerId=0, currentGatheringTarget=RetroDofusCell(abscisse=5, ordonnee=11)), recolteService=service.RecolteService@523424b5, ressourceCell=RetroDofusCell(abscisse=5, ordonnee=11))
2020-09-13 20:22:50.992 [main] INFO  processor.GatheringFinishedProcessor - Gathered qty : 6
2020-09-13 20:22:51.173 [Thread-0] INFO  async.RetroTaskEventConsumer - Waiting for a task
2020-09-13 20:22:51.173 [Thread-0] INFO  async.RetroTaskEventConsumer - Processing task 132 : RecolterTaskEvent(retroBotTask=RECOLTER, characterState=CharacterState(gathering=false, fighting=false, moving=false, playerId=0, currentGatheringTarget=null), recolteService=service.RecolteService@523424b5, ressourceCell=RetroDofusCell(abscisse=3, ordonnee=9))
2020-09-13 20:22:51.373 [Thread-0] INFO  service.RecolteService - Recolte de la ressource 132
2020-09-13 20:22:52.466 [main] INFO  state.MapState - Ressource indisponible : 132
2020-09-13 20:22:52.466 [main] INFO  state.MapState - Ressource disponible : 133
2020-09-13 20:22:52.466 [main] INFO  state.MapState - Ressource disponible : 118
2020-09-13 20:22:52.466 [main] INFO  state.MapState - Ressource disponible : 104
2020-09-13 20:22:52.467 [main] INFO  async.RetroTaskQueue - Removing task 132 : RecolterTaskEvent(retroBotTask=RECOLTER, characterState=CharacterState(gathering=false, fighting=false, moving=false, playerId=0, currentGatheringTarget=RetroDofusCell(abscisse=3, ordonnee=9)), recolteService=service.RecolteService@523424b5, ressourceCell=RetroDofusCell(abscisse=3, ordonnee=9))
2020-09-13 20:23:00.495 [main] INFO  processor.GatheringFinishedProcessor - Gathered qty : 1
2020-09-13 20:23:00.597 [Thread-0] INFO  async.RetroTaskEventConsumer - Waiting for a task
2020-09-13 20:23:00.597 [Thread-0] INFO  async.RetroTaskEventConsumer - Processing task 133 : RecolterTaskEvent(retroBotTask=RECOLTER, characterState=CharacterState(gathering=false, fighting=false, moving=false, playerId=0, currentGatheringTarget=null), recolteService=service.RecolteService@523424b5, ressourceCell=RetroDofusCell(abscisse=5, ordonnee=9))
2020-09-13 20:23:00.797 [Thread-0] INFO  service.RecolteService - Recolte de la ressource 133
2020-09-13 20:23:02.376 [main] INFO  state.MapState - Ressource indisponible : 133
2020-09-13 20:23:02.376 [main] INFO  state.MapState - Ressource disponible : 118
2020-09-13 20:23:02.376 [main] INFO  state.MapState - Ressource disponible : 104
2020-09-13 20:23:02.376 [main] INFO  async.RetroTaskQueue - Removing task 133 : RecolterTaskEvent(retroBotTask=RECOLTER, characterState=CharacterState(gathering=false, fighting=false, moving=false, playerId=0, currentGatheringTarget=RetroDofusCell(abscisse=5, ordonnee=9)), recolteService=service.RecolteService@523424b5, ressourceCell=RetroDofusCell(abscisse=5, ordonnee=9))
2020-09-13 20:23:10.455 [main] INFO  processor.GatheringFinishedProcessor - Gathered qty : 2
2020-09-13 20:23:10.615 [Thread-0] INFO  async.RetroTaskEventConsumer - Waiting for a task
2020-09-13 20:23:10.615 [Thread-0] INFO  async.RetroTaskEventConsumer - Processing task 118 : RecolterTaskEvent(retroBotTask=RECOLTER, characterState=CharacterState(gathering=false, fighting=false, moving=false, playerId=0, currentGatheringTarget=null), recolteService=service.RecolteService@523424b5, ressourceCell=RetroDofusCell(abscisse=4, ordonnee=8))
2020-09-13 20:23:10.816 [Thread-0] INFO  service.RecolteService - Recolte de la ressource 118
2020-09-13 20:23:11.931 [main] INFO  state.MapState - Ressource indisponible : 118
2020-09-13 20:23:11.932 [main] INFO  state.MapState - Ressource disponible : 104
2020-09-13 20:23:11.932 [main] INFO  async.RetroTaskQueue - Removing task 118 : RecolterTaskEvent(retroBotTask=RECOLTER, characterState=CharacterState(gathering=false, fighting=false, moving=false, playerId=0, currentGatheringTarget=RetroDofusCell(abscisse=4, ordonnee=8)), recolteService=service.RecolteService@523424b5, ressourceCell=RetroDofusCell(abscisse=4, ordonnee=8))
2020-09-13 20:23:19.975 [main] INFO  processor.GatheringFinishedProcessor - Gathered qty : 6
2020-09-13 20:23:20.034 [Thread-0] INFO  async.RetroTaskEventConsumer - Waiting for a task
2020-09-13 20:23:20.034 [Thread-0] INFO  async.RetroTaskEventConsumer - Processing task 104 : RecolterTaskEvent(retroBotTask=RECOLTER, characterState=CharacterState(gathering=false, fighting=false, moving=false, playerId=0, currentGatheringTarget=null), recolteService=service.RecolteService@523424b5, ressourceCell=RetroDofusCell(abscisse=5, ordonnee=7))
2020-09-13 20:23:20.235 [Thread-0] INFO  service.RecolteService - Recolte de la ressource 104
2020-09-13 20:23:21.808 [main] INFO  state.MapState - Ressource indisponible : 104
2020-09-13 20:23:21.808 [main] INFO  async.RetroTaskQueue - Removing task 104 : RecolterTaskEvent(retroBotTask=RECOLTER, characterState=CharacterState(gathering=false, fighting=false, moving=false, playerId=0, currentGatheringTarget=RetroDofusCell(abscisse=5, ordonnee=7)), recolteService=service.RecolteService@523424b5, ressourceCell=RetroDofusCell(abscisse=5, ordonnee=7))
2020-09-13 20:23:29.840 [main] INFO  processor.GatheringFinishedProcessor - Gathered qty : 9
2020-09-13 20:23:29.857 [Thread-0] INFO  async.RetroTaskEventConsumer - Waiting for a task
2020-09-13 20:23:34.771 [main] INFO  processor.MapProcessor - New map : Coordonnées : 6, -24
2020-09-13 20:23:37.971 [main] INFO  async.RetroTaskQueue - Adding task 257 : RecolterTaskEvent(retroBotTask=RECOLTER, characterState=CharacterState(gathering=false, fighting=false, moving=false, playerId=0, currentGatheringTarget=null), recolteService=service.RecolteService@523424b5, ressourceCell=RetroDofusCell(abscisse=21, ordonnee=17))
2020-09-13 20:23:37.971 [main] INFO  async.RetroTaskQueue - Adding task 227 : RecolterTaskEvent(retroBotTask=RECOLTER, characterState=CharacterState(gathering=false, fighting=false, moving=false, playerId=0, currentGatheringTarget=null), recolteService=service.RecolteService@523424b5, ressourceCell=RetroDofusCell(abscisse=19, ordonnee=15))
2020-09-13 20:23:37.971 [Thread-0] INFO  async.RetroTaskEventConsumer - Processing task 257 : RecolterTaskEvent(retroBotTask=RECOLTER, characterState=CharacterState(gathering=false, fighting=false, moving=false, playerId=0, currentGatheringTarget=null), recolteService=service.RecolteService@523424b5, ressourceCell=RetroDofusCell(abscisse=21, ordonnee=17))
2020-09-13 20:23:37.971 [main] INFO  async.RetroTaskQueue - Adding task 451 : RecolterTaskEvent(retroBotTask=RECOLTER, characterState=CharacterState(gathering=false, fighting=false, moving=false, playerId=0, currentGatheringTarget=null), recolteService=service.RecolteService@523424b5, ressourceCell=RetroDofusCell(abscisse=3, ordonnee=31))
2020-09-13 20:23:37.971 [main] INFO  async.RetroTaskQueue - Adding task 422 : RecolterTaskEvent(retroBotTask=RECOLTER, characterState=CharacterState(gathering=false, fighting=false, moving=false, playerId=0, currentGatheringTarget=null), recolteService=service.RecolteService@523424b5, ressourceCell=RetroDofusCell(abscisse=3, ordonnee=29))
2020-09-13 20:23:37.971 [main] INFO  async.RetroTaskQueue - Adding task 423 : RecolterTaskEvent(retroBotTask=RECOLTER, characterState=CharacterState(gathering=false, fighting=false, moving=false, playerId=0, currentGatheringTarget=null), recolteService=service.RecolteService@523424b5, ressourceCell=RetroDofusCell(abscisse=5, ordonnee=29))
2020-09-13 20:23:37.971 [main] INFO  async.RetroTaskQueue - Adding task 264 : RecolterTaskEvent(retroBotTask=RECOLTER, characterState=CharacterState(gathering=false, fighting=false, moving=false, playerId=0, currentGatheringTarget=null), recolteService=service.RecolteService@523424b5, ressourceCell=RetroDofusCell(abscisse=6, ordonnee=18))
2020-09-13 20:23:37.972 [main] INFO  async.RetroTaskQueue - Adding task 234 : RecolterTaskEvent(retroBotTask=RECOLTER, characterState=CharacterState(gathering=false, fighting=false, moving=false, playerId=0, currentGatheringTarget=null), recolteService=service.RecolteService@523424b5, ressourceCell=RetroDofusCell(abscisse=4, ordonnee=16))
2020-09-13 20:23:37.972 [main] INFO  async.RetroTaskQueue - Adding task 171 : RecolterTaskEvent(retroBotTask=RECOLTER, characterState=CharacterState(gathering=false, fighting=false, moving=false, playerId=0, currentGatheringTarget=null), recolteService=service.RecolteService@523424b5, ressourceCell=RetroDofusCell(abscisse=23, ordonnee=11))
2020-09-13 20:23:37.972 [main] INFO  async.RetroTaskQueue - Adding task 172 : RecolterTaskEvent(retroBotTask=RECOLTER, characterState=CharacterState(gathering=false, fighting=false, moving=false, playerId=0, currentGatheringTarget=null), recolteService=service.RecolteService@523424b5, ressourceCell=RetroDofusCell(abscisse=25, ordonnee=11))
2020-09-13 20:23:37.972 [main] INFO  async.RetroTaskQueue - Adding task 272 : RecolterTaskEvent(retroBotTask=RECOLTER, characterState=CharacterState(gathering=false, fighting=false, moving=false, playerId=0, currentGatheringTarget=null), recolteService=service.RecolteService@523424b5, ressourceCell=RetroDofusCell(abscisse=22, ordonnee=18))
2020-09-13 20:23:37.973 [main] INFO  async.RetroTaskQueue - Adding task 242 : RecolterTaskEvent(retroBotTask=RECOLTER, characterState=CharacterState(gathering=false, fighting=false, moving=false, playerId=0, currentGatheringTarget=null), recolteService=service.RecolteService@523424b5, ressourceCell=RetroDofusCell(abscisse=20, ordonnee=16))
2020-09-13 20:23:37.973 [main] INFO  async.RetroTaskQueue - Adding task 436 : RecolterTaskEvent(retroBotTask=RECOLTER, characterState=CharacterState(gathering=false, fighting=false, moving=false, playerId=0, currentGatheringTarget=null), recolteService=service.RecolteService@523424b5, ressourceCell=RetroDofusCell(abscisse=2, ordonnee=30))
2020-09-13 20:23:37.973 [main] INFO  async.RetroTaskQueue - Adding task 437 : RecolterTaskEvent(retroBotTask=RECOLTER, characterState=CharacterState(gathering=false, fighting=false, moving=false, playerId=0, currentGatheringTarget=null), recolteService=service.RecolteService@523424b5, ressourceCell=RetroDofusCell(abscisse=4, ordonnee=30))
2020-09-13 20:23:37.973 [main] INFO  async.RetroTaskQueue - Adding task 408 : RecolterTaskEvent(retroBotTask=RECOLTER, characterState=CharacterState(gathering=false, fighting=false, moving=false, playerId=0, currentGatheringTarget=null), recolteService=service.RecolteService@523424b5, ressourceCell=RetroDofusCell(abscisse=4, ordonnee=28))
2020-09-13 20:23:37.973 [main] INFO  async.RetroTaskQueue - Adding task 249 : RecolterTaskEvent(retroBotTask=RECOLTER, characterState=CharacterState(gathering=false, fighting=false, moving=false, playerId=0, currentGatheringTarget=null), recolteService=service.RecolteService@523424b5, ressourceCell=RetroDofusCell(abscisse=5, ordonnee=17))
2020-09-13 20:23:37.973 [main] INFO  async.RetroTaskQueue - Adding task 186 : RecolterTaskEvent(retroBotTask=RECOLTER, characterState=CharacterState(gathering=false, fighting=false, moving=false, playerId=0, currentGatheringTarget=null), recolteService=service.RecolteService@523424b5, ressourceCell=RetroDofusCell(abscisse=24, ordonnee=12))
2020-09-13 20:23:37.974 [main] INFO  async.RetroTaskQueue - Adding task 157 : RecolterTaskEvent(retroBotTask=RECOLTER, characterState=CharacterState(gathering=false, fighting=false, moving=false, playerId=0, currentGatheringTarget=null), recolteService=service.RecolteService@523424b5, ressourceCell=RetroDofusCell(abscisse=24, ordonnee=10))
2020-09-13 20:23:37.974 [main] INFO  async.RetroTaskQueue - Adding task 287 : RecolterTaskEvent(retroBotTask=RECOLTER, characterState=CharacterState(gathering=false, fighting=false, moving=false, playerId=0, currentGatheringTarget=null), recolteService=service.RecolteService@523424b5, ressourceCell=RetroDofusCell(abscisse=23, ordonnee=19))
2020-09-13 20:23:38.025 [main] INFO  state.MapState - Ressource indisponible : 451
2020-09-13 20:23:38.025 [main] INFO  state.MapState - Ressource disponible : 257
2020-09-13 20:23:38.025 [main] INFO  state.MapState - Ressource disponible : 227
2020-09-13 20:23:38.025 [main] INFO  state.MapState - Ressource disponible : 422
2020-09-13 20:23:38.025 [main] INFO  state.MapState - Ressource disponible : 423
2020-09-13 20:23:38.025 [main] INFO  state.MapState - Ressource disponible : 264
2020-09-13 20:23:38.025 [main] INFO  state.MapState - Ressource disponible : 234
2020-09-13 20:23:38.025 [main] INFO  state.MapState - Ressource disponible : 171
2020-09-13 20:23:38.025 [main] INFO  state.MapState - Ressource disponible : 172
2020-09-13 20:23:38.026 [main] INFO  state.MapState - Ressource disponible : 272
2020-09-13 20:23:38.026 [main] INFO  state.MapState - Ressource disponible : 242
2020-09-13 20:23:38.026 [main] INFO  state.MapState - Ressource disponible : 436
2020-09-13 20:23:38.026 [main] INFO  state.MapState - Ressource disponible : 437
2020-09-13 20:23:38.026 [main] INFO  state.MapState - Ressource disponible : 408
2020-09-13 20:23:38.026 [main] INFO  state.MapState - Ressource disponible : 249
2020-09-13 20:23:38.026 [main] INFO  state.MapState - Ressource disponible : 186
2020-09-13 20:23:38.026 [main] INFO  state.MapState - Ressource disponible : 157
2020-09-13 20:23:38.026 [main] INFO  state.MapState - Ressource disponible : 287
2020-09-13 20:23:38.026 [main] INFO  async.RetroTaskQueue - Removing task 451 : RecolterTaskEvent(retroBotTask=RECOLTER, characterState=CharacterState(gathering=false, fighting=false, moving=false, playerId=0, currentGatheringTarget=null), recolteService=service.RecolteService@523424b5, ressourceCell=RetroDofusCell(abscisse=3, ordonnee=31))
2020-09-13 20:23:38.026 [main] INFO  state.MapState - Ressource indisponible : 423
2020-09-13 20:23:38.026 [main] INFO  state.MapState - Ressource disponible : 257
2020-09-13 20:23:38.026 [main] INFO  state.MapState - Ressource disponible : 227
2020-09-13 20:23:38.027 [main] INFO  state.MapState - Ressource disponible : 422
2020-09-13 20:23:38.027 [main] INFO  state.MapState - Ressource disponible : 264
2020-09-13 20:23:38.027 [main] INFO  state.MapState - Ressource disponible : 234
2020-09-13 20:23:38.027 [main] INFO  state.MapState - Ressource disponible : 171
2020-09-13 20:23:38.027 [main] INFO  state.MapState - Ressource disponible : 172
2020-09-13 20:23:38.027 [main] INFO  state.MapState - Ressource disponible : 272
2020-09-13 20:23:38.027 [main] INFO  state.MapState - Ressource disponible : 242
2020-09-13 20:23:38.027 [main] INFO  state.MapState - Ressource disponible : 436
2020-09-13 20:23:38.027 [main] INFO  state.MapState - Ressource disponible : 437
2020-09-13 20:23:38.027 [main] INFO  state.MapState - Ressource disponible : 408
2020-09-13 20:23:38.027 [main] INFO  state.MapState - Ressource disponible : 249
2020-09-13 20:23:38.028 [main] INFO  state.MapState - Ressource disponible : 186
2020-09-13 20:23:38.028 [main] INFO  state.MapState - Ressource disponible : 157
2020-09-13 20:23:38.028 [main] INFO  state.MapState - Ressource disponible : 287
2020-09-13 20:23:38.028 [main] INFO  async.RetroTaskQueue - Removing task 423 : RecolterTaskEvent(retroBotTask=RECOLTER, characterState=CharacterState(gathering=false, fighting=false, moving=false, playerId=0, currentGatheringTarget=null), recolteService=service.RecolteService@523424b5, ressourceCell=RetroDofusCell(abscisse=5, ordonnee=29))
2020-09-13 20:23:38.028 [main] INFO  state.MapState - Ressource indisponible : 436
2020-09-13 20:23:38.028 [main] INFO  state.MapState - Ressource disponible : 257
2020-09-13 20:23:38.028 [main] INFO  state.MapState - Ressource disponible : 227
2020-09-13 20:23:38.028 [main] INFO  state.MapState - Ressource disponible : 422
2020-09-13 20:23:38.028 [main] INFO  state.MapState - Ressource disponible : 264
2020-09-13 20:23:38.029 [main] INFO  state.MapState - Ressource disponible : 234
2020-09-13 20:23:38.029 [main] INFO  state.MapState - Ressource disponible : 171
2020-09-13 20:23:38.029 [main] INFO  state.MapState - Ressource disponible : 172
2020-09-13 20:23:38.029 [main] INFO  state.MapState - Ressource disponible : 272
2020-09-13 20:23:38.029 [main] INFO  state.MapState - Ressource disponible : 242
2020-09-13 20:23:38.029 [main] INFO  state.MapState - Ressource disponible : 437
2020-09-13 20:23:38.029 [main] INFO  state.MapState - Ressource disponible : 408
2020-09-13 20:23:38.029 [main] INFO  state.MapState - Ressource disponible : 249
2020-09-13 20:23:38.029 [main] INFO  state.MapState - Ressource disponible : 186
2020-09-13 20:23:38.029 [main] INFO  state.MapState - Ressource disponible : 157
2020-09-13 20:23:38.029 [main] INFO  state.MapState - Ressource disponible : 287
2020-09-13 20:23:38.030 [main] INFO  async.RetroTaskQueue - Removing task 436 : RecolterTaskEvent(retroBotTask=RECOLTER, characterState=CharacterState(gathering=false, fighting=false, moving=false, playerId=0, currentGatheringTarget=null), recolteService=service.RecolteService@523424b5, ressourceCell=RetroDofusCell(abscisse=2, ordonnee=30))
2020-09-13 20:23:38.030 [main] INFO  state.MapState - Ressource indisponible : 437
2020-09-13 20:23:38.030 [main] INFO  state.MapState - Ressource disponible : 257
2020-09-13 20:23:38.030 [main] INFO  state.MapState - Ressource disponible : 227
2020-09-13 20:23:38.030 [main] INFO  state.MapState - Ressource disponible : 422
2020-09-13 20:23:38.030 [main] INFO  state.MapState - Ressource disponible : 264
2020-09-13 20:23:38.030 [main] INFO  state.MapState - Ressource disponible : 234
2020-09-13 20:23:38.030 [main] INFO  state.MapState - Ressource disponible : 171
2020-09-13 20:23:38.030 [main] INFO  state.MapState - Ressource disponible : 172
2020-09-13 20:23:38.030 [main] INFO  state.MapState - Ressource disponible : 272
2020-09-13 20:23:38.030 [main] INFO  state.MapState - Ressource disponible : 242
2020-09-13 20:23:38.030 [main] INFO  state.MapState - Ressource disponible : 408
2020-09-13 20:23:38.030 [main] INFO  state.MapState - Ressource disponible : 249
2020-09-13 20:23:38.030 [main] INFO  state.MapState - Ressource disponible : 186
2020-09-13 20:23:38.031 [main] INFO  state.MapState - Ressource disponible : 157
2020-09-13 20:23:38.031 [main] INFO  state.MapState - Ressource disponible : 287
2020-09-13 20:23:38.031 [main] INFO  async.RetroTaskQueue - Removing task 437 : RecolterTaskEvent(retroBotTask=RECOLTER, characterState=CharacterState(gathering=false, fighting=false, moving=false, playerId=0, currentGatheringTarget=null), recolteService=service.RecolteService@523424b5, ressourceCell=RetroDofusCell(abscisse=4, ordonnee=30))
2020-09-13 20:23:38.031 [main] INFO  state.MapState - Ressource indisponible : 408
2020-09-13 20:23:38.031 [main] INFO  state.MapState - Ressource disponible : 257
2020-09-13 20:23:38.031 [main] INFO  state.MapState - Ressource disponible : 227
2020-09-13 20:23:38.031 [main] INFO  state.MapState - Ressource disponible : 422
2020-09-13 20:23:38.031 [main] INFO  state.MapState - Ressource disponible : 264
2020-09-13 20:23:38.031 [main] INFO  state.MapState - Ressource disponible : 234
2020-09-13 20:23:38.031 [main] INFO  state.MapState - Ressource disponible : 171
2020-09-13 20:23:38.031 [main] INFO  state.MapState - Ressource disponible : 172
2020-09-13 20:23:38.031 [main] INFO  state.MapState - Ressource disponible : 272
2020-09-13 20:23:38.031 [main] INFO  state.MapState - Ressource disponible : 242
2020-09-13 20:23:38.031 [main] INFO  state.MapState - Ressource disponible : 249
2020-09-13 20:23:38.031 [main] INFO  state.MapState - Ressource disponible : 186
2020-09-13 20:23:38.031 [main] INFO  state.MapState - Ressource disponible : 157
2020-09-13 20:23:38.032 [main] INFO  state.MapState - Ressource disponible : 287
2020-09-13 20:23:38.032 [main] INFO  async.RetroTaskQueue - Removing task 408 : RecolterTaskEvent(retroBotTask=RECOLTER, characterState=CharacterState(gathering=false, fighting=false, moving=false, playerId=0, currentGatheringTarget=null), recolteService=service.RecolteService@523424b5, ressourceCell=RetroDofusCell(abscisse=4, ordonnee=28))
2020-09-13 20:23:38.172 [Thread-0] INFO  service.RecolteService - Recolte de la ressource 257
2020-09-13 20:23:40.524 [main] INFO  state.MapState - Ressource indisponible : 257
2020-09-13 20:23:40.524 [main] INFO  state.MapState - Ressource disponible : 227
2020-09-13 20:23:40.524 [main] INFO  state.MapState - Ressource disponible : 422
2020-09-13 20:23:40.524 [main] INFO  state.MapState - Ressource disponible : 264
2020-09-13 20:23:40.524 [main] INFO  state.MapState - Ressource disponible : 234
2020-09-13 20:23:40.524 [main] INFO  state.MapState - Ressource disponible : 171
2020-09-13 20:23:40.525 [main] INFO  state.MapState - Ressource disponible : 172
2020-09-13 20:23:40.525 [main] INFO  state.MapState - Ressource disponible : 272
2020-09-13 20:23:40.525 [main] INFO  state.MapState - Ressource disponible : 242
2020-09-13 20:23:40.525 [main] INFO  state.MapState - Ressource disponible : 249
2020-09-13 20:23:40.525 [main] INFO  state.MapState - Ressource disponible : 186
2020-09-13 20:23:40.525 [main] INFO  state.MapState - Ressource disponible : 157
2020-09-13 20:23:40.525 [main] INFO  state.MapState - Ressource disponible : 287
2020-09-13 20:23:40.525 [main] INFO  async.RetroTaskQueue - Removing task 257 : RecolterTaskEvent(retroBotTask=RECOLTER, characterState=CharacterState(gathering=true, fighting=false, moving=false, playerId=0, currentGatheringTarget=null), recolteService=service.RecolteService@523424b5, ressourceCell=RetroDofusCell(abscisse=21, ordonnee=17))
2020-09-13 20:23:48.556 [main] INFO  processor.GatheringFinishedProcessor - Gathered qty : 10
2020-09-13 20:23:48.592 [Thread-0] INFO  async.RetroTaskEventConsumer - Waiting for a task
2020-09-13 20:23:48.592 [Thread-0] INFO  async.RetroTaskEventConsumer - Processing task 227 : RecolterTaskEvent(retroBotTask=RECOLTER, characterState=CharacterState(gathering=false, fighting=false, moving=false, playerId=0, currentGatheringTarget=null), recolteService=service.RecolteService@523424b5, ressourceCell=RetroDofusCell(abscisse=19, ordonnee=15))
2020-09-13 20:23:48.793 [Thread-0] INFO  service.RecolteService - Recolte de la ressource 227
2020-09-13 20:23:50.842 [main] INFO  state.MapState - Ressource indisponible : 227
2020-09-13 20:23:50.842 [main] INFO  state.MapState - Ressource disponible : 422
2020-09-13 20:23:50.842 [main] INFO  state.MapState - Ressource disponible : 264
2020-09-13 20:23:50.842 [main] INFO  state.MapState - Ressource disponible : 234
2020-09-13 20:23:50.842 [main] INFO  state.MapState - Ressource disponible : 171
2020-09-13 20:23:50.842 [main] INFO  state.MapState - Ressource disponible : 172
2020-09-13 20:23:50.842 [main] INFO  state.MapState - Ressource disponible : 272
2020-09-13 20:23:50.842 [main] INFO  state.MapState - Ressource disponible : 242
2020-09-13 20:23:50.842 [main] INFO  state.MapState - Ressource disponible : 249
2020-09-13 20:23:50.842 [main] INFO  state.MapState - Ressource disponible : 186
2020-09-13 20:23:50.842 [main] INFO  state.MapState - Ressource disponible : 157
2020-09-13 20:23:50.843 [main] INFO  state.MapState - Ressource disponible : 287
2020-09-13 20:23:50.843 [main] INFO  async.RetroTaskQueue - Removing task 227 : RecolterTaskEvent(retroBotTask=RECOLTER, characterState=CharacterState(gathering=true, fighting=false, moving=false, playerId=0, currentGatheringTarget=null), recolteService=service.RecolteService@523424b5, ressourceCell=RetroDofusCell(abscisse=19, ordonnee=15))
2020-09-13 20:23:58.925 [main] INFO  processor.GatheringFinishedProcessor - Gathered qty : 10
2020-09-13 20:23:59.014 [Thread-0] INFO  async.RetroTaskEventConsumer - Waiting for a task
2020-09-13 20:23:59.014 [Thread-0] INFO  async.RetroTaskEventConsumer - Processing task 422 : RecolterTaskEvent(retroBotTask=RECOLTER, characterState=CharacterState(gathering=false, fighting=false, moving=false, playerId=0, currentGatheringTarget=null), recolteService=service.RecolteService@523424b5, ressourceCell=RetroDofusCell(abscisse=3, ordonnee=29))
2020-09-13 20:23:59.215 [Thread-0] INFO  service.RecolteService - Recolte de la ressource 422
2020-09-13 20:24:03.547 [main] INFO  state.MapState - Ressource indisponible : 422
2020-09-13 20:24:03.547 [main] INFO  state.MapState - Ressource disponible : 264
2020-09-13 20:24:03.547 [main] INFO  state.MapState - Ressource disponible : 234
2020-09-13 20:24:03.547 [main] INFO  state.MapState - Ressource disponible : 171
2020-09-13 20:24:03.547 [main] INFO  state.MapState - Ressource disponible : 172
2020-09-13 20:24:03.547 [main] INFO  state.MapState - Ressource disponible : 272
2020-09-13 20:24:03.547 [main] INFO  state.MapState - Ressource disponible : 242
2020-09-13 20:24:03.547 [main] INFO  state.MapState - Ressource disponible : 249
2020-09-13 20:24:03.547 [main] INFO  state.MapState - Ressource disponible : 186
2020-09-13 20:24:03.548 [main] INFO  state.MapState - Ressource disponible : 157
2020-09-13 20:24:03.548 [main] INFO  state.MapState - Ressource disponible : 287
2020-09-13 20:24:03.548 [main] INFO  async.RetroTaskQueue - Removing task 422 : RecolterTaskEvent(retroBotTask=RECOLTER, characterState=CharacterState(gathering=true, fighting=false, moving=false, playerId=0, currentGatheringTarget=null), recolteService=service.RecolteService@523424b5, ressourceCell=RetroDofusCell(abscisse=3, ordonnee=29))
2020-09-13 20:24:11.578 [main] INFO  processor.GatheringFinishedProcessor - Gathered qty : 1
2020-09-13 20:24:11.641 [Thread-0] INFO  async.RetroTaskEventConsumer - Waiting for a task
2020-09-13 20:24:11.641 [Thread-0] INFO  async.RetroTaskEventConsumer - Processing task 264 : RecolterTaskEvent(retroBotTask=RECOLTER, characterState=CharacterState(gathering=false, fighting=false, moving=false, playerId=0, currentGatheringTarget=null), recolteService=service.RecolteService@523424b5, ressourceCell=RetroDofusCell(abscisse=6, ordonnee=18))
2020-09-13 20:24:11.841 [Thread-0] INFO  service.RecolteService - Recolte de la ressource 264
2020-09-13 20:24:13.866 [main] INFO  state.MapState - Ressource indisponible : 264
2020-09-13 20:24:13.866 [main] INFO  state.MapState - Ressource disponible : 234
2020-09-13 20:24:13.866 [main] INFO  state.MapState - Ressource disponible : 171
2020-09-13 20:24:13.866 [main] INFO  state.MapState - Ressource disponible : 172
2020-09-13 20:24:13.866 [main] INFO  state.MapState - Ressource disponible : 272
2020-09-13 20:24:13.866 [main] INFO  state.MapState - Ressource disponible : 242
2020-09-13 20:24:13.866 [main] INFO  state.MapState - Ressource disponible : 249
2020-09-13 20:24:13.866 [main] INFO  state.MapState - Ressource disponible : 186
2020-09-13 20:24:13.866 [main] INFO  state.MapState - Ressource disponible : 157
2020-09-13 20:24:13.867 [main] INFO  state.MapState - Ressource disponible : 287
2020-09-13 20:24:13.867 [main] INFO  async.RetroTaskQueue - Removing task 264 : RecolterTaskEvent(retroBotTask=RECOLTER, characterState=CharacterState(gathering=true, fighting=false, moving=false, playerId=0, currentGatheringTarget=null), recolteService=service.RecolteService@523424b5, ressourceCell=RetroDofusCell(abscisse=6, ordonnee=18))
2020-09-13 20:24:21.893 [main] INFO  processor.GatheringFinishedProcessor - Gathered qty : 6
2020-09-13 20:24:22.059 [Thread-0] INFO  async.RetroTaskEventConsumer - Waiting for a task
2020-09-13 20:24:22.059 [Thread-0] INFO  async.RetroTaskEventConsumer - Processing task 234 : RecolterTaskEvent(retroBotTask=RECOLTER, characterState=CharacterState(gathering=false, fighting=false, moving=false, playerId=0, currentGatheringTarget=null), recolteService=service.RecolteService@523424b5, ressourceCell=RetroDofusCell(abscisse=4, ordonnee=16))
2020-09-13 20:24:22.259 [Thread-0] INFO  service.RecolteService - Recolte de la ressource 234
2020-09-13 20:24:23.876 [main] INFO  state.MapState - Ressource indisponible : 234
2020-09-13 20:24:23.876 [main] INFO  state.MapState - Ressource disponible : 171
2020-09-13 20:24:23.876 [main] INFO  state.MapState - Ressource disponible : 172
2020-09-13 20:24:23.876 [main] INFO  state.MapState - Ressource disponible : 272
2020-09-13 20:24:23.876 [main] INFO  state.MapState - Ressource disponible : 242
2020-09-13 20:24:23.876 [main] INFO  state.MapState - Ressource disponible : 249
2020-09-13 20:24:23.877 [main] INFO  state.MapState - Ressource disponible : 186
2020-09-13 20:24:23.877 [main] INFO  state.MapState - Ressource disponible : 157
2020-09-13 20:24:23.877 [main] INFO  state.MapState - Ressource disponible : 287
2020-09-13 20:24:23.877 [main] INFO  async.RetroTaskQueue - Removing task 234 : RecolterTaskEvent(retroBotTask=RECOLTER, characterState=CharacterState(gathering=false, fighting=false, moving=false, playerId=0, currentGatheringTarget=RetroDofusCell(abscisse=4, ordonnee=16)), recolteService=service.RecolteService@523424b5, ressourceCell=RetroDofusCell(abscisse=4, ordonnee=16))
2020-09-13 20:24:31.907 [main] INFO  processor.GatheringFinishedProcessor - Gathered qty : 4
2020-09-13 20:24:32.082 [Thread-0] INFO  async.RetroTaskEventConsumer - Waiting for a task
2020-09-13 20:24:32.082 [Thread-0] INFO  async.RetroTaskEventConsumer - Processing task 171 : RecolterTaskEvent(retroBotTask=RECOLTER, characterState=CharacterState(gathering=false, fighting=false, moving=false, playerId=0, currentGatheringTarget=null), recolteService=service.RecolteService@523424b5, ressourceCell=RetroDofusCell(abscisse=23, ordonnee=11))
2020-09-13 20:24:32.282 [Thread-0] INFO  service.RecolteService - Recolte de la ressource 171
2020-09-13 20:24:36.426 [main] INFO  state.MapState - Ressource indisponible : 171
2020-09-13 20:24:36.426 [main] INFO  state.MapState - Ressource disponible : 172
2020-09-13 20:24:36.426 [main] INFO  state.MapState - Ressource disponible : 272
2020-09-13 20:24:36.426 [main] INFO  state.MapState - Ressource disponible : 242
2020-09-13 20:24:36.426 [main] INFO  state.MapState - Ressource disponible : 249
2020-09-13 20:24:36.426 [main] INFO  state.MapState - Ressource disponible : 186
2020-09-13 20:24:36.426 [main] INFO  state.MapState - Ressource disponible : 157
2020-09-13 20:24:36.426 [main] INFO  state.MapState - Ressource disponible : 287
2020-09-13 20:24:36.427 [main] INFO  async.RetroTaskQueue - Removing task 171 : RecolterTaskEvent(retroBotTask=RECOLTER, characterState=CharacterState(gathering=true, fighting=false, moving=false, playerId=0, currentGatheringTarget=null), recolteService=service.RecolteService@523424b5, ressourceCell=RetroDofusCell(abscisse=23, ordonnee=11))
2020-09-13 20:24:37.546 [main] INFO  async.RetroTaskQueue - Adding task 451 : RecolterTaskEvent(retroBotTask=RECOLTER, characterState=CharacterState(gathering=true, fighting=false, moving=false, playerId=0, currentGatheringTarget=null), recolteService=service.RecolteService@523424b5, ressourceCell=RetroDofusCell(abscisse=3, ordonnee=31))
2020-09-13 20:24:37.546 [main] INFO  async.RetroTaskQueue - Adding task 408 : RecolterTaskEvent(retroBotTask=RECOLTER, characterState=CharacterState(gathering=true, fighting=false, moving=false, playerId=0, currentGatheringTarget=null), recolteService=service.RecolteService@523424b5, ressourceCell=RetroDofusCell(abscisse=4, ordonnee=28))
2020-09-13 20:24:44.454 [main] INFO  processor.GatheringFinishedProcessor - Gathered qty : 3
2020-09-13 20:24:44.508 [Thread-0] INFO  async.RetroTaskEventConsumer - Waiting for a task
2020-09-13 20:24:44.509 [Thread-0] INFO  async.RetroTaskEventConsumer - Processing task 172 : RecolterTaskEvent(retroBotTask=RECOLTER, characterState=CharacterState(gathering=false, fighting=false, moving=false, playerId=0, currentGatheringTarget=null), recolteService=service.RecolteService@523424b5, ressourceCell=RetroDofusCell(abscisse=25, ordonnee=11))
2020-09-13 20:24:44.709 [Thread-0] INFO  service.RecolteService - Recolte de la ressource 172
2020-09-13 20:24:46.283 [main] INFO  state.MapState - Ressource indisponible : 186
2020-09-13 20:24:46.283 [main] INFO  state.MapState - Ressource disponible : 172
2020-09-13 20:24:46.283 [main] INFO  state.MapState - Ressource disponible : 272
2020-09-13 20:24:46.283 [main] INFO  state.MapState - Ressource disponible : 242
2020-09-13 20:24:46.283 [main] INFO  state.MapState - Ressource disponible : 249
2020-09-13 20:24:46.283 [main] INFO  state.MapState - Ressource disponible : 157
2020-09-13 20:24:46.283 [main] INFO  state.MapState - Ressource disponible : 287
2020-09-13 20:24:46.283 [main] INFO  async.RetroTaskQueue - Removing task 186 : RecolterTaskEvent(retroBotTask=RECOLTER, characterState=CharacterState(gathering=false, fighting=false, moving=false, playerId=0, currentGatheringTarget=RetroDofusCell(abscisse=24, ordonnee=12)), recolteService=service.RecolteService@523424b5, ressourceCell=RetroDofusCell(abscisse=24, ordonnee=12))
2020-09-13 20:24:46.710 [Thread-0] INFO  service.RecolteService - La ressource ciblée est différente de celle prévue : 172 vs 186
2020-09-13 20:24:46.710 [Thread-0] INFO  async.RetroTaskQueue - Adding task 172 : RecolterTaskEvent(retroBotTask=RECOLTER, characterState=CharacterState(gathering=false, fighting=false, moving=false, playerId=0, currentGatheringTarget=RetroDofusCell(abscisse=24, ordonnee=12)), recolteService=service.RecolteService@523424b5, ressourceCell=RetroDofusCell(abscisse=25, ordonnee=11))
2020-09-13 20:24:54.366 [main] INFO  processor.GatheringFinishedProcessor - Gathered qty : 4
2020-09-13 20:24:54.529 [Thread-0] INFO  async.RetroTaskEventConsumer - Waiting for a task
2020-09-13 20:24:54.529 [Thread-0] INFO  async.RetroTaskEventConsumer - Processing task 272 : RecolterTaskEvent(retroBotTask=RECOLTER, characterState=CharacterState(gathering=false, fighting=false, moving=false, playerId=0, currentGatheringTarget=null), recolteService=service.RecolteService@523424b5, ressourceCell=RetroDofusCell(abscisse=22, ordonnee=18))
2020-09-13 20:24:54.729 [Thread-0] INFO  service.RecolteService - Recolte de la ressource 272
2020-09-13 20:24:56.751 [main] INFO  state.MapState - Ressource indisponible : 272
2020-09-13 20:24:56.751 [main] INFO  state.MapState - Ressource disponible : 172
2020-09-13 20:24:56.751 [main] INFO  state.MapState - Ressource disponible : 242
2020-09-13 20:24:56.752 [main] INFO  state.MapState - Ressource disponible : 249
2020-09-13 20:24:56.752 [main] INFO  state.MapState - Ressource disponible : 157
2020-09-13 20:24:56.752 [main] INFO  state.MapState - Ressource disponible : 287
2020-09-13 20:24:56.752 [main] INFO  async.RetroTaskQueue - Removing task 272 : RecolterTaskEvent(retroBotTask=RECOLTER, characterState=CharacterState(gathering=true, fighting=false, moving=false, playerId=0, currentGatheringTarget=null), recolteService=service.RecolteService@523424b5, ressourceCell=RetroDofusCell(abscisse=22, ordonnee=18))
2020-09-13 20:25:04.780 [main] INFO  processor.GatheringFinishedProcessor - Gathered qty : 4
2020-09-13 20:25:04.949 [Thread-0] INFO  async.RetroTaskEventConsumer - Waiting for a task
2020-09-13 20:25:04.949 [Thread-0] INFO  async.RetroTaskEventConsumer - Processing task 242 : RecolterTaskEvent(retroBotTask=RECOLTER, characterState=CharacterState(gathering=false, fighting=false, moving=false, playerId=0, currentGatheringTarget=null), recolteService=service.RecolteService@523424b5, ressourceCell=RetroDofusCell(abscisse=20, ordonnee=16))
2020-09-13 20:25:05.149 [Thread-0] INFO  service.RecolteService - Recolte de la ressource 242
2020-09-13 20:25:06.254 [main] INFO  state.MapState - Ressource indisponible : 242
2020-09-13 20:25:06.254 [main] INFO  state.MapState - Ressource disponible : 172
2020-09-13 20:25:06.254 [main] INFO  state.MapState - Ressource disponible : 249
2020-09-13 20:25:06.254 [main] INFO  state.MapState - Ressource disponible : 157
2020-09-13 20:25:06.254 [main] INFO  state.MapState - Ressource disponible : 287
2020-09-13 20:25:06.254 [main] INFO  async.RetroTaskQueue - Removing task 242 : RecolterTaskEvent(retroBotTask=RECOLTER, characterState=CharacterState(gathering=false, fighting=false, moving=false, playerId=0, currentGatheringTarget=RetroDofusCell(abscisse=20, ordonnee=16)), recolteService=service.RecolteService@523424b5, ressourceCell=RetroDofusCell(abscisse=20, ordonnee=16))
2020-09-13 20:25:14.284 [main] INFO  processor.GatheringFinishedProcessor - Gathered qty : 8
2020-09-13 20:25:14.372 [Thread-0] INFO  async.RetroTaskEventConsumer - Waiting for a task
2020-09-13 20:25:14.372 [Thread-0] INFO  async.RetroTaskEventConsumer - Processing task 249 : RecolterTaskEvent(retroBotTask=RECOLTER, characterState=CharacterState(gathering=false, fighting=false, moving=false, playerId=0, currentGatheringTarget=null), recolteService=service.RecolteService@523424b5, ressourceCell=RetroDofusCell(abscisse=5, ordonnee=17))
2020-09-13 20:25:14.574 [Thread-0] INFO  service.RecolteService - Recolte de la ressource 249
2020-09-13 20:25:18.147 [main] INFO  state.MapState - Ressource indisponible : 249
2020-09-13 20:25:18.147 [main] INFO  state.MapState - Ressource disponible : 172
2020-09-13 20:25:18.147 [main] INFO  state.MapState - Ressource disponible : 157
2020-09-13 20:25:18.147 [main] INFO  state.MapState - Ressource disponible : 287
2020-09-13 20:25:18.147 [main] INFO  async.RetroTaskQueue - Removing task 249 : RecolterTaskEvent(retroBotTask=RECOLTER, characterState=CharacterState(gathering=true, fighting=false, moving=false, playerId=0, currentGatheringTarget=null), recolteService=service.RecolteService@523424b5, ressourceCell=RetroDofusCell(abscisse=5, ordonnee=17))
2020-09-13 20:25:26.222 [main] INFO  processor.GatheringFinishedProcessor - Gathered qty : 8
2020-09-13 20:25:26.398 [Thread-0] INFO  async.RetroTaskEventConsumer - Waiting for a task
2020-09-13 20:25:26.398 [Thread-0] INFO  async.RetroTaskEventConsumer - Processing task 157 : RecolterTaskEvent(retroBotTask=RECOLTER, characterState=CharacterState(gathering=false, fighting=false, moving=false, playerId=0, currentGatheringTarget=null), recolteService=service.RecolteService@523424b5, ressourceCell=RetroDofusCell(abscisse=24, ordonnee=10))
2020-09-13 20:25:26.599 [Thread-0] INFO  service.RecolteService - Recolte de la ressource 157
2020-09-13 20:25:30.492 [main] INFO  state.MapState - Ressource indisponible : 157
2020-09-13 20:25:30.492 [main] INFO  state.MapState - Ressource disponible : 172
2020-09-13 20:25:30.492 [main] INFO  state.MapState - Ressource disponible : 287
2020-09-13 20:25:30.492 [main] INFO  async.RetroTaskQueue - Removing task 157 : RecolterTaskEvent(retroBotTask=RECOLTER, characterState=CharacterState(gathering=true, fighting=false, moving=false, playerId=0, currentGatheringTarget=null), recolteService=service.RecolteService@523424b5, ressourceCell=RetroDofusCell(abscisse=24, ordonnee=10))
2020-09-13 20:25:38.572 [main] INFO  processor.GatheringFinishedProcessor - Gathered qty : 1
2020-09-13 20:25:38.622 [Thread-0] INFO  async.RetroTaskEventConsumer - Waiting for a task
2020-09-13 20:25:38.622 [Thread-0] INFO  async.RetroTaskEventConsumer - Processing task 287 : RecolterTaskEvent(retroBotTask=RECOLTER, characterState=CharacterState(gathering=false, fighting=false, moving=false, playerId=0, currentGatheringTarget=null), recolteService=service.RecolteService@523424b5, ressourceCell=RetroDofusCell(abscisse=23, ordonnee=19))
2020-09-13 20:25:38.823 [Thread-0] INFO  service.RecolteService - Recolte de la ressource 287
2020-09-13 20:25:39.284 [main] INFO  async.RetroTaskQueue - Adding task 423 : RecolterTaskEvent(retroBotTask=RECOLTER, characterState=CharacterState(gathering=false, fighting=false, moving=false, playerId=0, currentGatheringTarget=null), recolteService=service.RecolteService@523424b5, ressourceCell=RetroDofusCell(abscisse=5, ordonnee=29))
2020-09-13 20:25:39.284 [main] INFO  async.RetroTaskQueue - Adding task 257 : RecolterTaskEvent(retroBotTask=RECOLTER, characterState=CharacterState(gathering=false, fighting=false, moving=false, playerId=0, currentGatheringTarget=null), recolteService=service.RecolteService@523424b5, ressourceCell=RetroDofusCell(abscisse=21, ordonnee=17))
2020-09-13 20:25:39.284 [main] INFO  async.RetroTaskQueue - Adding task 437 : RecolterTaskEvent(retroBotTask=RECOLTER, characterState=CharacterState(gathering=false, fighting=false, moving=false, playerId=0, currentGatheringTarget=null), recolteService=service.RecolteService@523424b5, ressourceCell=RetroDofusCell(abscisse=4, ordonnee=30))
2020-09-13 20:25:40.657 [main] INFO  state.MapState - Ressource indisponible : 287
2020-09-13 20:25:40.659 [main] INFO  state.MapState - Ressource disponible : 172
2020-09-13 20:25:40.659 [main] INFO  async.RetroTaskQueue - Removing task 287 : RecolterTaskEvent(retroBotTask=RECOLTER, characterState=CharacterState(gathering=false, fighting=false, moving=false, playerId=0, currentGatheringTarget=RetroDofusCell(abscisse=23, ordonnee=19)), recolteService=service.RecolteService@523424b5, ressourceCell=RetroDofusCell(abscisse=23, ordonnee=19))
2020-09-13 20:25:48.684 [main] INFO  processor.GatheringFinishedProcessor - Gathered qty : 4
2020-09-13 20:25:48.843 [Thread-0] INFO  async.RetroTaskEventConsumer - Waiting for a task
2020-09-13 20:25:48.843 [Thread-0] INFO  async.RetroTaskEventConsumer - Processing task 451 : RecolterTaskEvent(retroBotTask=RECOLTER, characterState=CharacterState(gathering=false, fighting=false, moving=false, playerId=0, currentGatheringTarget=null), recolteService=service.RecolteService@523424b5, ressourceCell=RetroDofusCell(abscisse=3, ordonnee=31))
2020-09-13 20:25:49.043 [Thread-0] INFO  service.RecolteService - Recolte de la ressource 451
2020-09-13 20:26:01.696 [main] INFO  processor.GatheringFinishedProcessor - Gathered qty : 4
2020-09-13 20:26:01.870 [Thread-0] INFO  async.RetroTaskEventConsumer - Waiting for a task
2020-09-13 20:26:01.870 [Thread-0] INFO  async.RetroTaskEventConsumer - Processing task 408 : RecolterTaskEvent(retroBotTask=RECOLTER, characterState=CharacterState(gathering=false, fighting=false, moving=false, playerId=0, currentGatheringTarget=null), recolteService=service.RecolteService@523424b5, ressourceCell=RetroDofusCell(abscisse=4, ordonnee=28))
2020-09-13 20:26:02.070 [Thread-0] INFO  service.RecolteService - Recolte de la ressource 408
2020-09-13 20:26:24.116 [Thread-0] INFO  async.event.RecolterTaskEvent - La recolte n'a pas abouti, l'événement a été replacé dans la queue
2020-09-13 20:26:24.116 [Thread-0] INFO  async.RetroTaskQueue - Adding task 408 : RecolterTaskEvent(retroBotTask=RECOLTER, characterState=CharacterState(gathering=true, fighting=false, moving=false, playerId=0, currentGatheringTarget=null), recolteService=service.RecolteService@523424b5, ressourceCell=RetroDofusCell(abscisse=4, ordonnee=28))
2020-09-13 20:26:24.116 [Thread-0] INFO  async.RetroTaskEventConsumer - Waiting for a task
2020-09-13 20:26:24.116 [Thread-0] INFO  async.RetroTaskEventConsumer - Processing task 172 : RecolterTaskEvent(retroBotTask=RECOLTER, characterState=CharacterState(gathering=false, fighting=false, moving=false, playerId=0, currentGatheringTarget=null), recolteService=service.RecolteService@523424b5, ressourceCell=RetroDofusCell(abscisse=25, ordonnee=11))
2020-09-13 20:26:24.317 [Thread-0] INFO  service.RecolteService - Recolte de la ressource 172
2020-09-13 20:26:29.239 [main] INFO  state.MapState - Ressource indisponible : 172
2020-09-13 20:26:29.239 [main] INFO  async.RetroTaskQueue - Removing task 172 : RecolterTaskEvent(retroBotTask=RECOLTER, characterState=CharacterState(gathering=true, fighting=false, moving=false, playerId=0, currentGatheringTarget=null), recolteService=service.RecolteService@523424b5, ressourceCell=RetroDofusCell(abscisse=25, ordonnee=11))
2020-09-13 20:26:37.321 [main] INFO  processor.GatheringFinishedProcessor - Gathered qty : 1
2020-09-13 20:26:37.345 [Thread-0] INFO  async.RetroTaskEventConsumer - Waiting for a task
2020-09-13 20:26:37.345 [Thread-0] INFO  async.RetroTaskEventConsumer - Processing task 423 : RecolterTaskEvent(retroBotTask=RECOLTER, characterState=CharacterState(gathering=false, fighting=false, moving=false, playerId=0, currentGatheringTarget=null), recolteService=service.RecolteService@523424b5, ressourceCell=RetroDofusCell(abscisse=5, ordonnee=29))
2020-09-13 20:26:37.545 [Thread-0] INFO  service.RecolteService - Recolte de la ressource 423
2020-09-13 20:26:39.547 [Thread-0] INFO  service.RecolteService - La ressource ciblée est différente de celle prévue : 423 vs 408
2020-09-13 20:26:40.371 [main] INFO  async.RetroTaskQueue - Adding task 272 : RecolterTaskEvent(retroBotTask=RECOLTER, characterState=CharacterState(gathering=true, fighting=false, moving=false, playerId=0, currentGatheringTarget=null), recolteService=service.RecolteService@523424b5, ressourceCell=RetroDofusCell(abscisse=22, ordonnee=18))
2020-09-13 20:26:40.371 [main] INFO  async.RetroTaskQueue - Adding task 264 : RecolterTaskEvent(retroBotTask=RECOLTER, characterState=CharacterState(gathering=true, fighting=false, moving=false, playerId=0, currentGatheringTarget=null), recolteService=service.RecolteService@523424b5, ressourceCell=RetroDofusCell(abscisse=6, ordonnee=18))
2020-09-13 20:26:40.371 [main] INFO  async.RetroTaskQueue - Adding task 436 : RecolterTaskEvent(retroBotTask=RECOLTER, characterState=CharacterState(gathering=true, fighting=false, moving=false, playerId=0, currentGatheringTarget=null), recolteService=service.RecolteService@523424b5, ressourceCell=RetroDofusCell(abscisse=2, ordonnee=30))
2020-09-13 20:26:40.371 [main] INFO  async.RetroTaskQueue - Adding task 227 : RecolterTaskEvent(retroBotTask=RECOLTER, characterState=CharacterState(gathering=true, fighting=false, moving=false, playerId=0, currentGatheringTarget=null), recolteService=service.RecolteService@523424b5, ressourceCell=RetroDofusCell(abscisse=19, ordonnee=15))
2020-09-13 20:26:40.371 [main] INFO  async.RetroTaskQueue - Adding task 234 : RecolterTaskEvent(retroBotTask=RECOLTER, characterState=CharacterState(gathering=true, fighting=false, moving=false, playerId=0, currentGatheringTarget=null), recolteService=service.RecolteService@523424b5, ressourceCell=RetroDofusCell(abscisse=4, ordonnee=16))
2020-09-13 20:26:50.078 [main] INFO  processor.GatheringFinishedProcessor - Gathered qty : 5
2020-09-13 20:26:50.172 [Thread-0] INFO  async.RetroTaskEventConsumer - Waiting for a task
2020-09-13 20:26:50.172 [Thread-0] INFO  async.RetroTaskEventConsumer - Processing task 257 : RecolterTaskEvent(retroBotTask=RECOLTER, characterState=CharacterState(gathering=false, fighting=false, moving=false, playerId=0, currentGatheringTarget=null), recolteService=service.RecolteService@523424b5, ressourceCell=RetroDofusCell(abscisse=21, ordonnee=17))
2020-09-13 20:26:50.373 [Thread-0] INFO  service.RecolteService - Recolte de la ressource 257
2020-09-13 20:27:02.022 [main] INFO  processor.GatheringFinishedProcessor - Gathered qty : 3
2020-09-13 20:27:02.198 [Thread-0] INFO  async.RetroTaskEventConsumer - Waiting for a task
2020-09-13 20:27:02.198 [Thread-0] INFO  async.RetroTaskEventConsumer - Processing task 437 : RecolterTaskEvent(retroBotTask=RECOLTER, characterState=CharacterState(gathering=false, fighting=false, moving=false, playerId=0, currentGatheringTarget=null), recolteService=service.RecolteService@523424b5, ressourceCell=RetroDofusCell(abscisse=4, ordonnee=30))
2020-09-13 20:27:02.399 [Thread-0] INFO  service.RecolteService - Recolte de la ressource 437
2020-09-13 20:27:14.573 [main] INFO  processor.GatheringFinishedProcessor - Gathered qty : 1
2020-09-13 20:27:14.624 [Thread-0] INFO  async.RetroTaskEventConsumer - Waiting for a task
2020-09-13 20:27:14.624 [Thread-0] INFO  async.RetroTaskEventConsumer - Processing task 408 : RecolterTaskEvent(retroBotTask=RECOLTER, characterState=CharacterState(gathering=false, fighting=false, moving=false, playerId=0, currentGatheringTarget=null), recolteService=service.RecolteService@523424b5, ressourceCell=RetroDofusCell(abscisse=4, ordonnee=28))
2020-09-13 20:27:14.824 [Thread-0] INFO  service.RecolteService - Recolte de la ressource 408
2020-09-13 20:27:36.875 [Thread-0] INFO  async.event.RecolterTaskEvent - La recolte n'a pas abouti, l'événement a été replacé dans la queue
2020-09-13 20:27:36.875 [Thread-0] INFO  async.RetroTaskQueue - Adding task 408 : RecolterTaskEvent(retroBotTask=RECOLTER, characterState=CharacterState(gathering=true, fighting=false, moving=false, playerId=0, currentGatheringTarget=null), recolteService=service.RecolteService@523424b5, ressourceCell=RetroDofusCell(abscisse=4, ordonnee=28))
2020-09-13 20:27:36.875 [Thread-0] INFO  async.RetroTaskEventConsumer - Waiting for a task
2020-09-13 20:27:36.875 [Thread-0] INFO  async.RetroTaskEventConsumer - Processing task 272 : RecolterTaskEvent(retroBotTask=RECOLTER, characterState=CharacterState(gathering=false, fighting=false, moving=false, playerId=0, currentGatheringTarget=null), recolteService=service.RecolteService@523424b5, ressourceCell=RetroDofusCell(abscisse=22, ordonnee=18))
2020-09-13 20:27:37.076 [Thread-0] INFO  service.RecolteService - Recolte de la ressource 272
2020-09-13 20:27:38.099 [main] INFO  async.RetroTaskQueue - Adding task 422 : RecolterTaskEvent(retroBotTask=RECOLTER, characterState=CharacterState(gathering=false, fighting=false, moving=false, playerId=0, currentGatheringTarget=null), recolteService=service.RecolteService@523424b5, ressourceCell=RetroDofusCell(abscisse=3, ordonnee=29))
2020-09-13 20:27:49.281 [main] INFO  processor.GatheringFinishedProcessor - Gathered qty : 1
2020-09-13 20:27:49.304 [Thread-0] INFO  async.RetroTaskEventConsumer - Waiting for a task
2020-09-13 20:27:49.304 [Thread-0] INFO  async.RetroTaskEventConsumer - Processing task 264 : RecolterTaskEvent(retroBotTask=RECOLTER, characterState=CharacterState(gathering=false, fighting=false, moving=false, playerId=0, currentGatheringTarget=null), recolteService=service.RecolteService@523424b5, ressourceCell=RetroDofusCell(abscisse=6, ordonnee=18))
2020-09-13 20:27:49.505 [Thread-0] INFO  service.RecolteService - Recolte de la ressource 264
2020-09-13 20:28:00.713 [main] INFO  processor.GatheringFinishedProcessor - Gathered qty : 8
2020-09-13 20:28:00.729 [Thread-0] INFO  async.RetroTaskEventConsumer - Waiting for a task
2020-09-13 20:28:00.729 [Thread-0] INFO  async.RetroTaskEventConsumer - Processing task 436 : RecolterTaskEvent(retroBotTask=RECOLTER, characterState=CharacterState(gathering=false, fighting=false, moving=false, playerId=0, currentGatheringTarget=null), recolteService=service.RecolteService@523424b5, ressourceCell=RetroDofusCell(abscisse=2, ordonnee=30))
2020-09-13 20:28:00.929 [Thread-0] INFO  service.RecolteService - Recolte de la ressource 436
2020-09-13 20:28:11.636 [main] INFO  processor.GatheringFinishedProcessor - Gathered qty : 1
2020-09-13 20:28:11.754 [Thread-0] INFO  async.RetroTaskEventConsumer - Waiting for a task
2020-09-13 20:28:11.754 [Thread-0] INFO  async.RetroTaskEventConsumer - Processing task 227 : RecolterTaskEvent(retroBotTask=RECOLTER, characterState=CharacterState(gathering=false, fighting=false, moving=false, playerId=0, currentGatheringTarget=null), recolteService=service.RecolteService@523424b5, ressourceCell=RetroDofusCell(abscisse=19, ordonnee=15))
2020-09-13 20:28:11.955 [Thread-0] INFO  service.RecolteService - Recolte de la ressource 227
2020-09-13 20:28:23.880 [main] INFO  processor.GatheringFinishedProcessor - Gathered qty : 1
2020-09-13 20:28:23.980 [Thread-0] INFO  async.RetroTaskEventConsumer - Waiting for a task
2020-09-13 20:28:23.980 [Thread-0] INFO  async.RetroTaskEventConsumer - Processing task 234 : RecolterTaskEvent(retroBotTask=RECOLTER, characterState=CharacterState(gathering=false, fighting=false, moving=false, playerId=0, currentGatheringTarget=null), recolteService=service.RecolteService@523424b5, ressourceCell=RetroDofusCell(abscisse=4, ordonnee=16))
2020-09-13 20:28:24.181 [Thread-0] INFO  service.RecolteService - Recolte de la ressource 234
2020-09-13 20:28:35.059 [main] INFO  processor.GatheringFinishedProcessor - Gathered qty : 3
2020-09-13 20:28:35.204 [Thread-0] INFO  async.RetroTaskEventConsumer - Waiting for a task
2020-09-13 20:28:35.204 [Thread-0] INFO  async.RetroTaskEventConsumer - Processing task 408 : RecolterTaskEvent(retroBotTask=RECOLTER, characterState=CharacterState(gathering=false, fighting=false, moving=false, playerId=0, currentGatheringTarget=null), recolteService=service.RecolteService@523424b5, ressourceCell=RetroDofusCell(abscisse=4, ordonnee=28))
2020-09-13 20:28:35.405 [Thread-0] INFO  service.RecolteService - Recolte de la ressource 408
2020-09-13 20:28:37.447 [main] INFO  async.RetroTaskQueue - Adding task 186 : RecolterTaskEvent(retroBotTask=RECOLTER, characterState=CharacterState(gathering=true, fighting=false, moving=false, playerId=0, currentGatheringTarget=null), recolteService=service.RecolteService@523424b5, ressourceCell=RetroDofusCell(abscisse=24, ordonnee=12))
2020-09-13 20:28:37.447 [main] INFO  async.RetroTaskQueue - Adding task 242 : RecolterTaskEvent(retroBotTask=RECOLTER, characterState=CharacterState(gathering=true, fighting=false, moving=false, playerId=0, currentGatheringTarget=null), recolteService=service.RecolteService@523424b5, ressourceCell=RetroDofusCell(abscisse=20, ordonnee=16))
2020-09-13 20:28:37.447 [main] INFO  async.RetroTaskQueue - Adding task 249 : RecolterTaskEvent(retroBotTask=RECOLTER, characterState=CharacterState(gathering=true, fighting=false, moving=false, playerId=0, currentGatheringTarget=null), recolteService=service.RecolteService@523424b5, ressourceCell=RetroDofusCell(abscisse=5, ordonnee=17))
2020-09-13 20:28:37.447 [main] INFO  async.RetroTaskQueue - Adding task 157 : RecolterTaskEvent(retroBotTask=RECOLTER, characterState=CharacterState(gathering=true, fighting=false, moving=false, playerId=0, currentGatheringTarget=null), recolteService=service.RecolteService@523424b5, ressourceCell=RetroDofusCell(abscisse=24, ordonnee=10))
2020-09-13 20:28:37.447 [main] INFO  async.RetroTaskQueue - Adding task 171 : RecolterTaskEvent(retroBotTask=RECOLTER, characterState=CharacterState(gathering=true, fighting=false, moving=false, playerId=0, currentGatheringTarget=null), recolteService=service.RecolteService@523424b5, ressourceCell=RetroDofusCell(abscisse=23, ordonnee=11))
2020-09-13 20:28:57.459 [Thread-0] INFO  async.event.RecolterTaskEvent - La recolte n'a pas abouti, l'événement a été replacé dans la queue
2020-09-13 20:28:57.459 [Thread-0] INFO  async.RetroTaskQueue - Adding task 408 : RecolterTaskEvent(retroBotTask=RECOLTER, characterState=CharacterState(gathering=true, fighting=false, moving=false, playerId=0, currentGatheringTarget=null), recolteService=service.RecolteService@523424b5, ressourceCell=RetroDofusCell(abscisse=4, ordonnee=28))
2020-09-13 20:28:57.459 [Thread-0] INFO  async.RetroTaskEventConsumer - Waiting for a task
2020-09-13 20:28:57.459 [Thread-0] INFO  async.RetroTaskEventConsumer - Processing task 422 : RecolterTaskEvent(retroBotTask=RECOLTER, characterState=CharacterState(gathering=false, fighting=false, moving=false, playerId=0, currentGatheringTarget=null), recolteService=service.RecolteService@523424b5, ressourceCell=RetroDofusCell(abscisse=3, ordonnee=29))
2020-09-13 20:28:57.659 [Thread-0] INFO  service.RecolteService - Recolte de la ressource 422
2020-09-13 20:29:07.325 [main] INFO  processor.GatheringFinishedProcessor - Gathered qty : 8
2020-09-13 20:29:07.479 [Thread-0] INFO  async.RetroTaskEventConsumer - Waiting for a task
2020-09-13 20:29:07.479 [Thread-0] INFO  async.RetroTaskEventConsumer - Processing task 186 : RecolterTaskEvent(retroBotTask=RECOLTER, characterState=CharacterState(gathering=false, fighting=false, moving=false, playerId=0, currentGatheringTarget=null), recolteService=service.RecolteService@523424b5, ressourceCell=RetroDofusCell(abscisse=24, ordonnee=12))
2020-09-13 20:29:07.679 [Thread-0] INFO  service.RecolteService - Recolte de la ressource 186
2020-09-13 20:29:20.606 [main] INFO  processor.GatheringFinishedProcessor - Gathered qty : 5
2020-09-13 20:29:20.707 [Thread-0] INFO  async.RetroTaskEventConsumer - Waiting for a task
2020-09-13 20:29:20.707 [Thread-0] INFO  async.RetroTaskEventConsumer - Processing task 242 : RecolterTaskEvent(retroBotTask=RECOLTER, characterState=CharacterState(gathering=false, fighting=false, moving=false, playerId=0, currentGatheringTarget=null), recolteService=service.RecolteService@523424b5, ressourceCell=RetroDofusCell(abscisse=20, ordonnee=16))
2020-09-13 20:29:20.908 [Thread-0] INFO  service.RecolteService - Recolte de la ressource 242
2020-09-13 20:29:31.079 [main] INFO  processor.GatheringFinishedProcessor - Gathered qty : 4
2020-09-13 20:29:31.131 [Thread-0] INFO  async.RetroTaskEventConsumer - Waiting for a task
2020-09-13 20:29:31.131 [Thread-0] INFO  async.RetroTaskEventConsumer - Processing task 249 : RecolterTaskEvent(retroBotTask=RECOLTER, characterState=CharacterState(gathering=false, fighting=false, moving=false, playerId=0, currentGatheringTarget=null), recolteService=service.RecolteService@523424b5, ressourceCell=RetroDofusCell(abscisse=5, ordonnee=17))
2020-09-13 20:29:31.331 [Thread-0] INFO  service.RecolteService - Recolte de la ressource 249
2020-09-13 20:29:36.212 [main] INFO  async.RetroTaskQueue - Adding task 451 : RecolterTaskEvent(retroBotTask=RECOLTER, characterState=CharacterState(gathering=true, fighting=false, moving=false, playerId=0, currentGatheringTarget=null), recolteService=service.RecolteService@523424b5, ressourceCell=RetroDofusCell(abscisse=3, ordonnee=31))
2020-09-13 20:29:36.212 [main] INFO  async.RetroTaskQueue - Adding task 287 : RecolterTaskEvent(retroBotTask=RECOLTER, characterState=CharacterState(gathering=true, fighting=false, moving=false, playerId=0, currentGatheringTarget=null), recolteService=service.RecolteService@523424b5, ressourceCell=RetroDofusCell(abscisse=23, ordonnee=19))
2020-09-13 20:29:36.212 [main] INFO  async.RetroTaskQueue - Adding task 423 : RecolterTaskEvent(retroBotTask=RECOLTER, characterState=CharacterState(gathering=true, fighting=false, moving=false, playerId=0, currentGatheringTarget=null), recolteService=service.RecolteService@523424b5, ressourceCell=RetroDofusCell(abscisse=5, ordonnee=29))
2020-09-13 20:29:36.212 [main] INFO  async.RetroTaskQueue - Adding task 437 : RecolterTaskEvent(retroBotTask=RECOLTER, characterState=CharacterState(gathering=true, fighting=false, moving=false, playerId=0, currentGatheringTarget=null), recolteService=service.RecolteService@523424b5, ressourceCell=RetroDofusCell(abscisse=4, ordonnee=30))
2020-09-13 20:29:36.212 [main] INFO  async.RetroTaskQueue - Adding task 172 : RecolterTaskEvent(retroBotTask=RECOLTER, characterState=CharacterState(gathering=true, fighting=false, moving=false, playerId=0, currentGatheringTarget=null), recolteService=service.RecolteService@523424b5, ressourceCell=RetroDofusCell(abscisse=25, ordonnee=11))
2020-09-13 20:29:42.767 [main] INFO  processor.GatheringFinishedProcessor - Gathered qty : 7
2020-09-13 20:29:42.956 [Thread-0] INFO  async.RetroTaskEventConsumer - Waiting for a task
2020-09-13 20:29:42.956 [Thread-0] INFO  async.RetroTaskEventConsumer - Processing task 157 : RecolterTaskEvent(retroBotTask=RECOLTER, characterState=CharacterState(gathering=false, fighting=false, moving=false, playerId=0, currentGatheringTarget=null), recolteService=service.RecolteService@523424b5, ressourceCell=RetroDofusCell(abscisse=24, ordonnee=10))
2020-09-13 20:29:43.156 [Thread-0] INFO  service.RecolteService - Recolte de la ressource 157
2020-09-13 20:29:45.159 [Thread-0] INFO  service.RecolteService - La ressource ciblée est différente de celle prévue : 157 vs 171
2020-09-13 20:29:54.760 [main] INFO  processor.GatheringFinishedProcessor - Gathered qty : 8
2020-09-13 20:29:54.781 [Thread-0] INFO  async.RetroTaskEventConsumer - Waiting for a task
2020-09-13 20:29:54.781 [Thread-0] INFO  async.RetroTaskEventConsumer - Processing task 171 : RecolterTaskEvent(retroBotTask=RECOLTER, characterState=CharacterState(gathering=false, fighting=false, moving=false, playerId=0, currentGatheringTarget=null), recolteService=service.RecolteService@523424b5, ressourceCell=RetroDofusCell(abscisse=23, ordonnee=11))
2020-09-13 20:29:54.981 [Thread-0] INFO  service.RecolteService - Recolte de la ressource 171
2020-09-13 20:29:56.984 [Thread-0] INFO  service.RecolteService - La ressource ciblée est différente de celle prévue : 171 vs 157
2020-09-13 20:30:04.622 [main] INFO  processor.GatheringFinishedProcessor - Gathered qty : 1
2020-09-13 20:30:04.802 [Thread-0] INFO  async.RetroTaskEventConsumer - Waiting for a task
2020-09-13 20:30:04.802 [Thread-0] INFO  async.RetroTaskEventConsumer - Processing task 408 : RecolterTaskEvent(retroBotTask=RECOLTER, characterState=CharacterState(gathering=false, fighting=false, moving=false, playerId=0, currentGatheringTarget=null), recolteService=service.RecolteService@523424b5, ressourceCell=RetroDofusCell(abscisse=4, ordonnee=28))
2020-09-13 20:30:05.003 [Thread-0] INFO  service.RecolteService - Recolte de la ressource 408
2020-09-13 20:30:07.005 [Thread-0] INFO  service.RecolteService - La ressource ciblée est différente de celle prévue : 408 vs 437
2020-09-13 20:30:17.728 [main] INFO  processor.GatheringFinishedProcessor - Gathered qty : 2
2020-09-13 20:30:17.832 [Thread-0] INFO  async.RetroTaskEventConsumer - Waiting for a task
2020-09-13 20:30:17.832 [Thread-0] INFO  async.RetroTaskEventConsumer - Processing task 451 : RecolterTaskEvent(retroBotTask=RECOLTER, characterState=CharacterState(gathering=false, fighting=false, moving=false, playerId=0, currentGatheringTarget=null), recolteService=service.RecolteService@523424b5, ressourceCell=RetroDofusCell(abscisse=3, ordonnee=31))
2020-09-13 20:30:18.032 [Thread-0] INFO  service.RecolteService - Recolte de la ressource 451
2020-09-13 20:30:27.634 [main] INFO  processor.GatheringFinishedProcessor - Gathered qty : 5
2020-09-13 20:30:27.652 [Thread-0] INFO  async.RetroTaskEventConsumer - Waiting for a task
2020-09-13 20:30:27.652 [Thread-0] INFO  async.RetroTaskEventConsumer - Processing task 287 : RecolterTaskEvent(retroBotTask=RECOLTER, characterState=CharacterState(gathering=false, fighting=false, moving=false, playerId=0, currentGatheringTarget=null), recolteService=service.RecolteService@523424b5, ressourceCell=RetroDofusCell(abscisse=23, ordonnee=19))
2020-09-13 20:30:27.852 [Thread-0] INFO  service.RecolteService - Recolte de la ressource 287
2020-09-13 20:30:37.852 [main] INFO  async.RetroTaskQueue - Adding task 264 : RecolterTaskEvent(retroBotTask=RECOLTER, characterState=CharacterState(gathering=true, fighting=false, moving=false, playerId=0, currentGatheringTarget=null), recolteService=service.RecolteService@523424b5, ressourceCell=RetroDofusCell(abscisse=6, ordonnee=18))
2020-09-13 20:30:37.852 [main] INFO  async.RetroTaskQueue - Adding task 257 : RecolterTaskEvent(retroBotTask=RECOLTER, characterState=CharacterState(gathering=true, fighting=false, moving=false, playerId=0, currentGatheringTarget=null), recolteService=service.RecolteService@523424b5, ressourceCell=RetroDofusCell(abscisse=21, ordonnee=17))
2020-09-13 20:30:37.852 [main] INFO  async.RetroTaskQueue - Adding task 408 : RecolterTaskEvent(retroBotTask=RECOLTER, characterState=CharacterState(gathering=true, fighting=false, moving=false, playerId=0, currentGatheringTarget=null), recolteService=service.RecolteService@523424b5, ressourceCell=RetroDofusCell(abscisse=4, ordonnee=28))
2020-09-13 20:30:37.852 [main] INFO  async.RetroTaskQueue - Adding task 234 : RecolterTaskEvent(retroBotTask=RECOLTER, characterState=CharacterState(gathering=true, fighting=false, moving=false, playerId=0, currentGatheringTarget=null), recolteService=service.RecolteService@523424b5, ressourceCell=RetroDofusCell(abscisse=4, ordonnee=16))
2020-09-13 20:30:40.342 [main] INFO  processor.GatheringFinishedProcessor - Gathered qty : 1
2020-09-13 20:30:40.478 [Thread-0] INFO  async.RetroTaskEventConsumer - Waiting for a task
2020-09-13 20:30:40.478 [Thread-0] INFO  async.RetroTaskEventConsumer - Processing task 423 : RecolterTaskEvent(retroBotTask=RECOLTER, characterState=CharacterState(gathering=false, fighting=false, moving=false, playerId=0, currentGatheringTarget=null), recolteService=service.RecolteService@523424b5, ressourceCell=RetroDofusCell(abscisse=5, ordonnee=29))
2020-09-13 20:30:40.678 [Thread-0] INFO  service.RecolteService - Recolte de la ressource 423
2020-09-13 20:30:52.641 [main] INFO  processor.GatheringFinishedProcessor - Gathered qty : 7
2020-09-13 20:30:52.702 [Thread-0] INFO  async.RetroTaskEventConsumer - Waiting for a task
2020-09-13 20:30:52.702 [Thread-0] INFO  async.RetroTaskEventConsumer - Processing task 437 : RecolterTaskEvent(retroBotTask=RECOLTER, characterState=CharacterState(gathering=false, fighting=false, moving=false, playerId=0, currentGatheringTarget=null), recolteService=service.RecolteService@523424b5, ressourceCell=RetroDofusCell(abscisse=4, ordonnee=30))
2020-09-13 20:30:52.902 [Thread-0] INFO  service.RecolteService - Recolte de la ressource 437
2020-09-13 20:30:54.903 [Thread-0] INFO  service.RecolteService - La ressource ciblée est différente de celle prévue : 437 vs 408
2020-09-13 20:31:02.551 [main] INFO  processor.GatheringFinishedProcessor - Gathered qty : 8
2020-09-13 20:31:02.721 [Thread-0] INFO  async.RetroTaskEventConsumer - Waiting for a task
2020-09-13 20:31:02.721 [Thread-0] INFO  async.RetroTaskEventConsumer - Processing task 172 : RecolterTaskEvent(retroBotTask=RECOLTER, characterState=CharacterState(gathering=false, fighting=false, moving=false, playerId=0, currentGatheringTarget=null), recolteService=service.RecolteService@523424b5, ressourceCell=RetroDofusCell(abscisse=25, ordonnee=11))
2020-09-13 20:31:02.921 [Thread-0] INFO  service.RecolteService - Recolte de la ressource 172
2020-09-13 20:31:15.510 [main] INFO  processor.GatheringFinishedProcessor - Gathered qty : 8
2020-09-13 20:31:15.549 [Thread-0] INFO  async.RetroTaskEventConsumer - Waiting for a task
2020-09-13 20:31:15.549 [Thread-0] INFO  async.RetroTaskEventConsumer - Processing task 264 : RecolterTaskEvent(retroBotTask=RECOLTER, characterState=CharacterState(gathering=false, fighting=false, moving=false, playerId=0, currentGatheringTarget=null), recolteService=service.RecolteService@523424b5, ressourceCell=RetroDofusCell(abscisse=6, ordonnee=18))
2020-09-13 20:31:15.750 [Thread-0] INFO  service.RecolteService - Recolte de la ressource 264
2020-09-13 20:31:27.550 [main] INFO  processor.GatheringFinishedProcessor - Gathered qty : 8
2020-09-13 20:31:27.574 [Thread-0] INFO  async.RetroTaskEventConsumer - Waiting for a task
2020-09-13 20:31:27.574 [Thread-0] INFO  async.RetroTaskEventConsumer - Processing task 257 : RecolterTaskEvent(retroBotTask=RECOLTER, characterState=CharacterState(gathering=false, fighting=false, moving=false, playerId=0, currentGatheringTarget=null), recolteService=service.RecolteService@523424b5, ressourceCell=RetroDofusCell(abscisse=21, ordonnee=17))
2020-09-13 20:31:27.774 [Thread-0] INFO  service.RecolteService - Recolte de la ressource 257
2020-09-13 20:31:38.224 [main] INFO  async.RetroTaskQueue - Adding task 272 : RecolterTaskEvent(retroBotTask=RECOLTER, characterState=CharacterState(gathering=true, fighting=false, moving=false, playerId=0, currentGatheringTarget=null), recolteService=service.RecolteService@523424b5, ressourceCell=RetroDofusCell(abscisse=22, ordonnee=18))
2020-09-13 20:31:38.224 [main] INFO  async.RetroTaskQueue - Adding task 186 : RecolterTaskEvent(retroBotTask=RECOLTER, characterState=CharacterState(gathering=true, fighting=false, moving=false, playerId=0, currentGatheringTarget=null), recolteService=service.RecolteService@523424b5, ressourceCell=RetroDofusCell(abscisse=24, ordonnee=12))
2020-09-13 20:31:38.224 [main] INFO  async.RetroTaskQueue - Adding task 242 : RecolterTaskEvent(retroBotTask=RECOLTER, characterState=CharacterState(gathering=true, fighting=false, moving=false, playerId=0, currentGatheringTarget=null), recolteService=service.RecolteService@523424b5, ressourceCell=RetroDofusCell(abscisse=20, ordonnee=16))
2020-09-13 20:31:38.224 [main] INFO  async.RetroTaskQueue - Adding task 436 : RecolterTaskEvent(retroBotTask=RECOLTER, characterState=CharacterState(gathering=true, fighting=false, moving=false, playerId=0, currentGatheringTarget=null), recolteService=service.RecolteService@523424b5, ressourceCell=RetroDofusCell(abscisse=2, ordonnee=30))
2020-09-13 20:31:38.782 [main] INFO  processor.GatheringFinishedProcessor - Gathered qty : 6
2020-09-13 20:31:38.796 [Thread-0] INFO  async.RetroTaskEventConsumer - Waiting for a task
2020-09-13 20:31:38.796 [Thread-0] INFO  async.RetroTaskEventConsumer - Processing task 408 : RecolterTaskEvent(retroBotTask=RECOLTER, characterState=CharacterState(gathering=false, fighting=false, moving=false, playerId=0, currentGatheringTarget=null), recolteService=service.RecolteService@523424b5, ressourceCell=RetroDofusCell(abscisse=4, ordonnee=28))
2020-09-13 20:31:38.996 [Thread-0] INFO  service.RecolteService - Recolte de la ressource 408
2020-09-13 20:32:01.043 [Thread-0] INFO  async.event.RecolterTaskEvent - La recolte n'a pas abouti, l'événement a été replacé dans la queue
2020-09-13 20:32:01.043 [Thread-0] INFO  async.RetroTaskQueue - Adding task 408 : RecolterTaskEvent(retroBotTask=RECOLTER, characterState=CharacterState(gathering=true, fighting=false, moving=false, playerId=0, currentGatheringTarget=null), recolteService=service.RecolteService@523424b5, ressourceCell=RetroDofusCell(abscisse=4, ordonnee=28))
2020-09-13 20:32:01.043 [Thread-0] INFO  async.RetroTaskEventConsumer - Waiting for a task
2020-09-13 20:32:01.043 [Thread-0] INFO  async.RetroTaskEventConsumer - Processing task 234 : RecolterTaskEvent(retroBotTask=RECOLTER, characterState=CharacterState(gathering=false, fighting=false, moving=false, playerId=0, currentGatheringTarget=null), recolteService=service.RecolteService@523424b5, ressourceCell=RetroDofusCell(abscisse=4, ordonnee=16))
2020-09-13 20:32:01.244 [Thread-0] INFO  service.RecolteService - Recolte de la ressource 234
2020-09-13 20:32:11.098 [main] INFO  processor.GatheringFinishedProcessor - Gathered qty : 2
2020-09-13 20:32:11.265 [Thread-0] INFO  async.RetroTaskEventConsumer - Waiting for a task
2020-09-13 20:32:11.265 [Thread-0] INFO  async.RetroTaskEventConsumer - Processing task 272 : RecolterTaskEvent(retroBotTask=RECOLTER, characterState=CharacterState(gathering=false, fighting=false, moving=false, playerId=0, currentGatheringTarget=null), recolteService=service.RecolteService@523424b5, ressourceCell=RetroDofusCell(abscisse=22, ordonnee=18))
2020-09-13 20:32:11.465 [Thread-0] INFO  service.RecolteService - Recolte de la ressource 272
2020-09-13 20:32:23.145 [main] INFO  processor.GatheringFinishedProcessor - Gathered qty : 8
2020-09-13 20:32:23.292 [Thread-0] INFO  async.RetroTaskEventConsumer - Waiting for a task
2020-09-13 20:32:23.292 [Thread-0] INFO  async.RetroTaskEventConsumer - Processing task 186 : RecolterTaskEvent(retroBotTask=RECOLTER, characterState=CharacterState(gathering=false, fighting=false, moving=false, playerId=0, currentGatheringTarget=null), recolteService=service.RecolteService@523424b5, ressourceCell=RetroDofusCell(abscisse=24, ordonnee=12))
2020-09-13 20:32:23.492 [Thread-0] INFO  service.RecolteService - Recolte de la ressource 186
2020-09-13 20:32:33.409 [main] INFO  processor.GatheringFinishedProcessor - Gathered qty : 7
2020-09-13 20:32:33.512 [Thread-0] INFO  async.RetroTaskEventConsumer - Waiting for a task
2020-09-13 20:32:33.512 [Thread-0] INFO  async.RetroTaskEventConsumer - Processing task 242 : RecolterTaskEvent(retroBotTask=RECOLTER, characterState=CharacterState(gathering=false, fighting=false, moving=false, playerId=0, currentGatheringTarget=null), recolteService=service.RecolteService@523424b5, ressourceCell=RetroDofusCell(abscisse=20, ordonnee=16))
2020-09-13 20:32:33.713 [Thread-0] INFO  service.RecolteService - Recolte de la ressource 242
2020-09-13 20:32:37.269 [main] INFO  async.RetroTaskQueue - Adding task 451 : RecolterTaskEvent(retroBotTask=RECOLTER, characterState=CharacterState(gathering=true, fighting=false, moving=false, playerId=0, currentGatheringTarget=null), recolteService=service.RecolteService@523424b5, ressourceCell=RetroDofusCell(abscisse=3, ordonnee=31))
2020-09-13 20:32:37.269 [main] INFO  async.RetroTaskQueue - Adding task 249 : RecolterTaskEvent(retroBotTask=RECOLTER, characterState=CharacterState(gathering=true, fighting=false, moving=false, playerId=0, currentGatheringTarget=null), recolteService=service.RecolteService@523424b5, ressourceCell=RetroDofusCell(abscisse=5, ordonnee=17))
2020-09-13 20:32:37.269 [main] INFO  async.RetroTaskQueue - Adding task 422 : RecolterTaskEvent(retroBotTask=RECOLTER, characterState=CharacterState(gathering=true, fighting=false, moving=false, playerId=0, currentGatheringTarget=null), recolteService=service.RecolteService@523424b5, ressourceCell=RetroDofusCell(abscisse=3, ordonnee=29))
2020-09-13 20:32:37.269 [main] INFO  async.RetroTaskQueue - Adding task 171 : RecolterTaskEvent(retroBotTask=RECOLTER, characterState=CharacterState(gathering=true, fighting=false, moving=false, playerId=0, currentGatheringTarget=null), recolteService=service.RecolteService@523424b5, ressourceCell=RetroDofusCell(abscisse=23, ordonnee=11))
2020-09-13 20:32:37.270 [main] INFO  async.RetroTaskQueue - Adding task 227 : RecolterTaskEvent(retroBotTask=RECOLTER, characterState=CharacterState(gathering=true, fighting=false, moving=false, playerId=0, currentGatheringTarget=null), recolteService=service.RecolteService@523424b5, ressourceCell=RetroDofusCell(abscisse=19, ordonnee=15))
2020-09-13 20:32:37.270 [main] INFO  async.RetroTaskQueue - Adding task 172 : RecolterTaskEvent(retroBotTask=RECOLTER, characterState=CharacterState(gathering=true, fighting=false, moving=false, playerId=0, currentGatheringTarget=null), recolteService=service.RecolteService@523424b5, ressourceCell=RetroDofusCell(abscisse=25, ordonnee=11))
2020-09-13 20:32:44.387 [main] INFO  processor.GatheringFinishedProcessor - Gathered qty : 6
2020-09-13 20:32:44.536 [Thread-0] INFO  async.RetroTaskEventConsumer - Waiting for a task
2020-09-13 20:32:44.536 [Thread-0] INFO  async.RetroTaskEventConsumer - Processing task 436 : RecolterTaskEvent(retroBotTask=RECOLTER, characterState=CharacterState(gathering=false, fighting=false, moving=false, playerId=0, currentGatheringTarget=null), recolteService=service.RecolteService@523424b5, ressourceCell=RetroDofusCell(abscisse=2, ordonnee=30))
2020-09-13 20:32:44.736 [Thread-0] INFO  service.RecolteService - Recolte de la ressource 436
2020-09-13 20:32:57.087 [main] INFO  processor.GatheringFinishedProcessor - Gathered qty : 4
2020-09-13 20:32:57.161 [Thread-0] INFO  async.RetroTaskEventConsumer - Waiting for a task
2020-09-13 20:32:57.161 [Thread-0] INFO  async.RetroTaskEventConsumer - Processing task 408 : RecolterTaskEvent(retroBotTask=RECOLTER, characterState=CharacterState(gathering=false, fighting=false, moving=false, playerId=0, currentGatheringTarget=null), recolteService=service.RecolteService@523424b5, ressourceCell=RetroDofusCell(abscisse=4, ordonnee=28))
2020-09-13 20:32:57.362 [Thread-0] INFO  service.RecolteService - Recolte de la ressource 408
2020-09-13 20:33:19.412 [Thread-0] INFO  async.event.RecolterTaskEvent - La recolte n'a pas abouti, l'événement a été replacé dans la queue
2020-09-13 20:33:19.412 [Thread-0] INFO  async.RetroTaskQueue - Adding task 408 : RecolterTaskEvent(retroBotTask=RECOLTER, characterState=CharacterState(gathering=true, fighting=false, moving=false, playerId=0, currentGatheringTarget=null), recolteService=service.RecolteService@523424b5, ressourceCell=RetroDofusCell(abscisse=4, ordonnee=28))
2020-09-13 20:33:19.412 [Thread-0] INFO  async.RetroTaskEventConsumer - Waiting for a task
2020-09-13 20:33:19.412 [Thread-0] INFO  async.RetroTaskEventConsumer - Processing task 451 : RecolterTaskEvent(retroBotTask=RECOLTER, characterState=CharacterState(gathering=false, fighting=false, moving=false, playerId=0, currentGatheringTarget=null), recolteService=service.RecolteService@523424b5, ressourceCell=RetroDofusCell(abscisse=3, ordonnee=31))
2020-09-13 20:33:19.613 [Thread-0] INFO  service.RecolteService - Recolte de la ressource 451
2020-09-13 20:33:29.660 [main] INFO  processor.GatheringFinishedProcessor - Gathered qty : 4
2020-09-13 20:33:29.834 [Thread-0] INFO  async.RetroTaskEventConsumer - Waiting for a task
2020-09-13 20:33:29.834 [Thread-0] INFO  async.RetroTaskEventConsumer - Processing task 249 : RecolterTaskEvent(retroBotTask=RECOLTER, characterState=CharacterState(gathering=false, fighting=false, moving=false, playerId=0, currentGatheringTarget=null), recolteService=service.RecolteService@523424b5, ressourceCell=RetroDofusCell(abscisse=5, ordonnee=17))
2020-09-13 20:33:30.034 [Thread-0] INFO  service.RecolteService - Recolte de la ressource 249
2020-09-13 20:33:37.942 [main] INFO  async.RetroTaskQueue - Adding task 157 : RecolterTaskEvent(retroBotTask=RECOLTER, characterState=CharacterState(gathering=true, fighting=false, moving=false, playerId=0, currentGatheringTarget=null), recolteService=service.RecolteService@523424b5, ressourceCell=RetroDofusCell(abscisse=24, ordonnee=10))
2020-09-13 20:33:37.942 [main] INFO  async.RetroTaskQueue - Adding task 264 : RecolterTaskEvent(retroBotTask=RECOLTER, characterState=CharacterState(gathering=true, fighting=false, moving=false, playerId=0, currentGatheringTarget=null), recolteService=service.RecolteService@523424b5, ressourceCell=RetroDofusCell(abscisse=6, ordonnee=18))
2020-09-13 20:33:37.942 [main] INFO  async.RetroTaskQueue - Adding task 257 : RecolterTaskEvent(retroBotTask=RECOLTER, characterState=CharacterState(gathering=true, fighting=false, moving=false, playerId=0, currentGatheringTarget=null), recolteService=service.RecolteService@523424b5, ressourceCell=RetroDofusCell(abscisse=21, ordonnee=17))
2020-09-13 20:33:37.942 [main] INFO  async.RetroTaskQueue - Adding task 437 : RecolterTaskEvent(retroBotTask=RECOLTER, characterState=CharacterState(gathering=true, fighting=false, moving=false, playerId=0, currentGatheringTarget=null), recolteService=service.RecolteService@523424b5, ressourceCell=RetroDofusCell(abscisse=4, ordonnee=30))
2020-09-13 20:33:40.280 [main] INFO  processor.GatheringFinishedProcessor - Gathered qty : 5
2020-09-13 20:33:40.459 [Thread-0] INFO  async.RetroTaskEventConsumer - Waiting for a task
2020-09-13 20:33:40.459 [Thread-0] INFO  async.RetroTaskEventConsumer - Processing task 422 : RecolterTaskEvent(retroBotTask=RECOLTER, characterState=CharacterState(gathering=false, fighting=false, moving=false, playerId=0, currentGatheringTarget=null), recolteService=service.RecolteService@523424b5, ressourceCell=RetroDofusCell(abscisse=3, ordonnee=29))
2020-09-13 20:33:40.659 [Thread-0] INFO  service.RecolteService - Recolte de la ressource 422
2020-09-13 20:33:50.697 [main] INFO  processor.GatheringFinishedProcessor - Gathered qty : 2
2020-09-13 20:33:50.881 [Thread-0] INFO  async.RetroTaskEventConsumer - Waiting for a task
2020-09-13 20:33:50.881 [Thread-0] INFO  async.RetroTaskEventConsumer - Processing task 171 : RecolterTaskEvent(retroBotTask=RECOLTER, characterState=CharacterState(gathering=false, fighting=false, moving=false, playerId=0, currentGatheringTarget=null), recolteService=service.RecolteService@523424b5, ressourceCell=RetroDofusCell(abscisse=23, ordonnee=11))
2020-09-13 20:33:51.081 [Thread-0] INFO  service.RecolteService - Recolte de la ressource 171
2020-09-13 20:34:03.651 [main] INFO  processor.GatheringFinishedProcessor - Gathered qty : 6
2020-09-13 20:34:03.708 [Thread-0] INFO  async.RetroTaskEventConsumer - Waiting for a task
2020-09-13 20:34:03.708 [Thread-0] INFO  async.RetroTaskEventConsumer - Processing task 227 : RecolterTaskEvent(retroBotTask=RECOLTER, characterState=CharacterState(gathering=false, fighting=false, moving=false, playerId=0, currentGatheringTarget=null), recolteService=service.RecolteService@523424b5, ressourceCell=RetroDofusCell(abscisse=19, ordonnee=15))
2020-09-13 20:34:03.909 [Thread-0] INFO  service.RecolteService - Recolte de la ressource 227
2020-09-13 20:34:14.071 [main] INFO  processor.GatheringFinishedProcessor - Gathered qty : 3
2020-09-13 20:34:14.127 [Thread-0] INFO  async.RetroTaskEventConsumer - Waiting for a task
2020-09-13 20:34:14.127 [Thread-0] INFO  async.RetroTaskEventConsumer - Processing task 172 : RecolterTaskEvent(retroBotTask=RECOLTER, characterState=CharacterState(gathering=false, fighting=false, moving=false, playerId=0, currentGatheringTarget=null), recolteService=service.RecolteService@523424b5, ressourceCell=RetroDofusCell(abscisse=25, ordonnee=11))
2020-09-13 20:34:14.327 [Thread-0] INFO  service.RecolteService - Recolte de la ressource 172
2020-09-13 20:34:24.187 [main] INFO  processor.GatheringFinishedProcessor - Gathered qty : 6
2020-09-13 20:34:24.348 [Thread-0] INFO  async.RetroTaskEventConsumer - Waiting for a task
2020-09-13 20:34:24.348 [Thread-0] INFO  async.RetroTaskEventConsumer - Processing task 408 : RecolterTaskEvent(retroBotTask=RECOLTER, characterState=CharacterState(gathering=false, fighting=false, moving=false, playerId=0, currentGatheringTarget=null), recolteService=service.RecolteService@523424b5, ressourceCell=RetroDofusCell(abscisse=4, ordonnee=28))
2020-09-13 20:34:24.549 [Thread-0] INFO  service.RecolteService - Recolte de la ressource 408
2020-09-13 20:34:26.550 [Thread-0] INFO  service.RecolteService - La ressource ciblée est différente de celle prévue : 408 vs 437
2020-09-13 20:34:37.297 [main] INFO  processor.GatheringFinishedProcessor - Gathered qty : 7
2020-09-13 20:34:37.375 [Thread-0] INFO  async.RetroTaskEventConsumer - Waiting for a task
2020-09-13 20:34:37.375 [Thread-0] INFO  async.RetroTaskEventConsumer - Processing task 157 : RecolterTaskEvent(retroBotTask=RECOLTER, characterState=CharacterState(gathering=false, fighting=false, moving=false, playerId=0, currentGatheringTarget=null), recolteService=service.RecolteService@523424b5, ressourceCell=RetroDofusCell(abscisse=24, ordonnee=10))
2020-09-13 20:34:37.576 [Thread-0] INFO  service.RecolteService - Recolte de la ressource 157
2020-09-13 20:34:37.704 [main] INFO  async.RetroTaskQueue - Adding task 272 : RecolterTaskEvent(retroBotTask=RECOLTER, characterState=CharacterState(gathering=false, fighting=false, moving=false, playerId=0, currentGatheringTarget=null), recolteService=service.RecolteService@523424b5, ressourceCell=RetroDofusCell(abscisse=22, ordonnee=18))
2020-09-13 20:34:37.704 [main] INFO  async.RetroTaskQueue - Adding task 287 : RecolterTaskEvent(retroBotTask=RECOLTER, characterState=CharacterState(gathering=false, fighting=false, moving=false, playerId=0, currentGatheringTarget=null), recolteService=service.RecolteService@523424b5, ressourceCell=RetroDofusCell(abscisse=23, ordonnee=19))
2020-09-13 20:34:37.704 [main] INFO  async.RetroTaskQueue - Adding task 423 : RecolterTaskEvent(retroBotTask=RECOLTER, characterState=CharacterState(gathering=false, fighting=false, moving=false, playerId=0, currentGatheringTarget=null), recolteService=service.RecolteService@523424b5, ressourceCell=RetroDofusCell(abscisse=5, ordonnee=29))
2020-09-13 20:34:37.704 [main] INFO  async.RetroTaskQueue - Adding task 436 : RecolterTaskEvent(retroBotTask=RECOLTER, characterState=CharacterState(gathering=false, fighting=false, moving=false, playerId=0, currentGatheringTarget=null), recolteService=service.RecolteService@523424b5, ressourceCell=RetroDofusCell(abscisse=2, ordonnee=30))
2020-09-13 20:34:37.704 [main] INFO  async.RetroTaskQueue - Adding task 234 : RecolterTaskEvent(retroBotTask=RECOLTER, characterState=CharacterState(gathering=false, fighting=false, moving=false, playerId=0, currentGatheringTarget=null), recolteService=service.RecolteService@523424b5, ressourceCell=RetroDofusCell(abscisse=4, ordonnee=16))
2020-09-13 20:34:50.352 [main] INFO  processor.GatheringFinishedProcessor - Gathered qty : 3
2020-09-13 20:34:50.404 [Thread-0] INFO  async.RetroTaskEventConsumer - Waiting for a task
2020-09-13 20:34:50.404 [Thread-0] INFO  async.RetroTaskEventConsumer - Processing task 264 : RecolterTaskEvent(retroBotTask=RECOLTER, characterState=CharacterState(gathering=false, fighting=false, moving=false, playerId=0, currentGatheringTarget=null), recolteService=service.RecolteService@523424b5, ressourceCell=RetroDofusCell(abscisse=6, ordonnee=18))
2020-09-13 20:34:50.604 [Thread-0] INFO  service.RecolteService - Recolte de la ressource 264
2020-09-13 20:35:02.396 [main] INFO  processor.GatheringFinishedProcessor - Gathered qty : 5
2020-09-13 20:35:02.431 [Thread-0] INFO  async.RetroTaskEventConsumer - Waiting for a task
2020-09-13 20:35:02.431 [Thread-0] INFO  async.RetroTaskEventConsumer - Processing task 257 : RecolterTaskEvent(retroBotTask=RECOLTER, characterState=CharacterState(gathering=false, fighting=false, moving=false, playerId=0, currentGatheringTarget=null), recolteService=service.RecolteService@523424b5, ressourceCell=RetroDofusCell(abscisse=21, ordonnee=17))
2020-09-13 20:35:02.631 [Thread-0] INFO  service.RecolteService - Recolte de la ressource 257
2020-09-13 20:35:13.627 [main] INFO  processor.GatheringFinishedProcessor - Gathered qty : 1
2020-09-13 20:35:13.659 [Thread-0] INFO  async.RetroTaskEventConsumer - Waiting for a task
2020-09-13 20:35:13.660 [Thread-0] INFO  async.RetroTaskEventConsumer - Processing task 437 : RecolterTaskEvent(retroBotTask=RECOLTER, characterState=CharacterState(gathering=false, fighting=false, moving=false, playerId=0, currentGatheringTarget=null), recolteService=service.RecolteService@523424b5, ressourceCell=RetroDofusCell(abscisse=4, ordonnee=30))
2020-09-13 20:35:13.860 [Thread-0] INFO  service.RecolteService - Recolte de la ressource 437
2020-09-13 20:35:15.866 [Thread-0] INFO  service.RecolteService - La ressource ciblée est différente de celle prévue : 437 vs 408
2020-09-13 20:35:35.914 [Thread-0] INFO  async.event.RecolterTaskEvent - La recolte n'a pas abouti, l'événement a été replacé dans la queue
2020-09-13 20:35:35.914 [Thread-0] INFO  async.RetroTaskQueue - Adding task 437 : RecolterTaskEvent(retroBotTask=RECOLTER, characterState=CharacterState(gathering=true, fighting=false, moving=false, playerId=0, currentGatheringTarget=null), recolteService=service.RecolteService@523424b5, ressourceCell=RetroDofusCell(abscisse=4, ordonnee=30))
2020-09-13 20:35:35.914 [Thread-0] INFO  async.RetroTaskEventConsumer - Waiting for a task
2020-09-13 20:35:35.914 [Thread-0] INFO  async.RetroTaskEventConsumer - Processing task 272 : RecolterTaskEvent(retroBotTask=RECOLTER, characterState=CharacterState(gathering=false, fighting=false, moving=false, playerId=0, currentGatheringTarget=null), recolteService=service.RecolteService@523424b5, ressourceCell=RetroDofusCell(abscisse=22, ordonnee=18))
2020-09-13 20:35:36.114 [Thread-0] INFO  service.RecolteService - Recolte de la ressource 272
2020-09-13 20:35:58.162 [Thread-0] INFO  async.event.RecolterTaskEvent - La recolte n'a pas abouti, l'événement a été replacé dans la queue
2020-09-13 20:35:58.162 [Thread-0] INFO  async.RetroTaskQueue - Adding task 272 : RecolterTaskEvent(retroBotTask=RECOLTER, characterState=CharacterState(gathering=true, fighting=false, moving=false, playerId=0, currentGatheringTarget=null), recolteService=service.RecolteService@523424b5, ressourceCell=RetroDofusCell(abscisse=22, ordonnee=18))
2020-09-13 20:35:58.162 [Thread-0] INFO  async.RetroTaskEventConsumer - Waiting for a task
2020-09-13 20:35:58.162 [Thread-0] INFO  async.RetroTaskEventConsumer - Processing task 287 : RecolterTaskEvent(retroBotTask=RECOLTER, characterState=CharacterState(gathering=false, fighting=false, moving=false, playerId=0, currentGatheringTarget=null), recolteService=service.RecolteService@523424b5, ressourceCell=RetroDofusCell(abscisse=23, ordonnee=19))
2020-09-13 20:35:58.362 [Thread-0] INFO  service.RecolteService - Recolte de la ressource 287
2020-09-13 20:36:20.415 [Thread-0] INFO  async.event.RecolterTaskEvent - La recolte n'a pas abouti, l'événement a été replacé dans la queue
2020-09-13 20:36:20.415 [Thread-0] INFO  async.RetroTaskQueue - Adding task 287 : RecolterTaskEvent(retroBotTask=RECOLTER, characterState=CharacterState(gathering=true, fighting=false, moving=false, playerId=0, currentGatheringTarget=null), recolteService=service.RecolteService@523424b5, ressourceCell=RetroDofusCell(abscisse=23, ordonnee=19))
2020-09-13 20:36:20.415 [Thread-0] INFO  async.RetroTaskEventConsumer - Waiting for a task
2020-09-13 20:36:20.415 [Thread-0] INFO  async.RetroTaskEventConsumer - Processing task 423 : RecolterTaskEvent(retroBotTask=RECOLTER, characterState=CharacterState(gathering=false, fighting=false, moving=false, playerId=0, currentGatheringTarget=null), recolteService=service.RecolteService@523424b5, ressourceCell=RetroDofusCell(absc